PRT1
234
748
4 0 7 (3072 1024 0 ) (3072 1024 1424 ) (3072 1842.790039 1424 ) (3072 1842.790039 0 ) 
4 0 4 (3072 1024 1424 ) (3072 1024 0 ) (3350.270264 1024 0 ) (3350.270264 1024 1424 ) 
4 0 3 (3200 1024 0 ) (3072 1024 0 ) (3072 1344 0 ) (3200 1344 0 ) 
4 0 2 (3072 1344 0 ) (3072 1842.790039 0 ) (3200 1842.790039 0 ) (3200 1344 0 ) 
4 0 1 (3350.270264 1024 0 ) (3200 1024 0 ) (3200 1842.790039 0 ) (3350.270264 1842.790039 0 ) 
4 1 5 (3200 1024 -144 ) (3350.270264 1024 -144 ) (3350.270264 1024 0 ) (3200 1024 0 ) 
4 1 3 (3200 1344 -144 ) (3200 1024 -144 ) (3200 1024 0 ) (3200 1344 0 ) 
4 1 2 (3200 1842.790039 0 ) (3200 1842.790039 -144 ) (3200 1344 -144 ) (3200 1344 0 ) 
4 2 8 (3072 1344 0 ) (3072 1842.790039 0 ) (3072 1842.790039 -144 ) (3072 1344 -144 ) 
4 2 3 (3072 1344 -144 ) (3200 1344 -144 ) (3200 1344 0 ) (3072 1344 0 ) 
4 3 9 (3072 1024 -144 ) (3072 1024 0 ) (3072 1344 0 ) (3072 1344 -144 ) 
4 3 6 (3072 1024 0 ) (3072 1024 -144 ) (3200 1024 -144 ) (3200 1024 0 ) 
4 4 62 (3350.270264 0 1424 ) (3072 0 1424 ) (3072 0 0 ) (3350.270264 0 0 ) 
4 4 14 (3072 0 160 ) (3072 0 1424 ) (3072 96 1424 ) (3072 96 160 ) 
4 4 15 (3072 0 0 ) (3072 0 64 ) (3072 96 64 ) (3072 96 0 ) 
4 4 13 (3072 96 1424 ) (3072 1024 1424 ) (3072 1024 0 ) (3072 96 0 ) 
4 4 5 (3350.270264 0 0 ) (3200 0 0 ) (3200 1024 0 ) (3350.270264 1024 0 ) 
4 4 6 (3200 0 0 ) (3072 0 0 ) (3072 1024 0 ) (3200 1024 0 ) 
4 5 63 (3350.270264 0 0 ) (3200 0 0 ) (3200 0 -144 ) (3350.270264 0 -144 ) 
4 5 6 (3200 1024 -144 ) (3200 0 -144 ) (3200 0 0 ) (3200 1024 0 ) 
4 6 64 (3200 0 0 ) (3072 0 0 ) (3072 0 -144 ) (3200 0 -144 ) 
4 6 16 (3072 0 -144 ) (3072 0 0 ) (3072 1024 0 ) (3072 1024 -144 ) 
4 7 13 (3072 1024 0 ) (3072 1024 1424 ) (2048 1024 1424 ) (2048 1024 0 ) 
4 7 10 (2048 1842.790039 0 ) (2048 1024 0 ) (2048 1024 1424 ) (2048 1842.790039 1424 ) 
4 7 8 (2048 1344 0 ) (2048 1842.790039 0 ) (3072 1842.790039 0 ) (3072 1344 0 ) 
4 7 9 (3072 1024 0 ) (2048 1024 0 ) (2048 1344 0 ) (3072 1344 0 ) 
4 8 11 (2048 1842.790039 -144 ) (2048 1344 -144 ) (2048 1344 0 ) (2048 1842.790039 0 ) 
4 8 9 (2048 1344 -144 ) (3072 1344 -144 ) (3072 1344 0 ) (2048 1344 0 ) 
4 9 16 (3072 1024 -144 ) (3072 1024 0 ) (2048 1024 0 ) (2048 1024 -144 ) 
4 9 12 (2048 1344 -144 ) (2048 1024 -144 ) (2048 1024 0 ) (2048 1344 0 ) 
4 10 122 (1024 1024 0 ) (1024 1024 1424 ) (1024 1842.790039 1424 ) (1024 1842.790039 0 ) 
4 10 60 (1024 1024 64 ) (1024 1024 0 ) (1856 1024 0 ) (1856 1024 64 ) 
4 10 59 (1856 1024 0 ) (2048 1024 0 ) (2048 1024 64 ) (1856 1024 64 ) 
4 10 18 (1024 1024 448 ) (1024 1024 64 ) (2048 1024 64 ) (2048 1024 448 ) 
4 10 17 (1024 1024 1424 ) (1024 1024 448 ) (2048 1024 448 ) (2048 1024 1424 ) 
4 10 11 (2048 1842.790039 0 ) (2048 1344 0 ) (1024 1344 0 ) (1024 1842.790039 0 ) 
4 10 12 (2048 1344 0 ) (2048 1024 0 ) (1024 1024 0 ) (1024 1344 0 ) 
4 11 123 (1024 1344 0 ) (1024 1842.790039 0 ) (1024 1842.790039 -144 ) (1024 1344 -144 ) 
4 11 12 (1024 1344 -144 ) (2048 1344 -144 ) (2048 1344 0 ) (1024 1344 0 ) 
4 12 124 (1024 1024 -144 ) (1024 1024 0 ) (1024 1344 0 ) (1024 1344 -144 ) 
4 12 61 (1024 1024 0 ) (1024 1024 -144 ) (2048 1024 -144 ) (2048 1024 0 ) 
4 13 59 (2048 1024 64 ) (2048 1024 0 ) (2048 96 0 ) (2048 96 64 ) 
4 13 40 (2048 480 64 ) (2048 96 64 ) (2048 96 160 ) (2048 480 160 ) 
4 13 21 (2048 96 160 ) (2048 96 1424 ) (2048 480 1424 ) (2048 480 160 ) 
4 13 19 (2048 544 64 ) (2048 480 64 ) (2048 480 448 ) (2048 544 448 ) 
4 13 18 (2048 1024 448 ) (2048 1024 64 ) (2048 544 64 ) (2048 544 448 ) 
4 13 17 (2048 1024 1424 ) (2048 1024 448 ) (2048 480 448 ) (2048 480 1424 ) 
4 13 16 (2048 96 0 ) (2048 1024 0 ) (3072 1024 0 ) (3072 96 0 ) 
4 13 14 (3072 96 160 ) (3072 96 1424 ) (2048 96 1424 ) (2048 96 160 ) 
4 13 15 (2048 96 0 ) (3072 96 0 ) (3072 96 64 ) (2048 96 64 ) 
4 14 70 (3072 0 160 ) (3072 0 384 ) (2048 0 384 ) (2048 0 160 ) 
4 14 69 (3072 0 384 ) (3072 0 1424 ) (2048 0 1424 ) (2048 0 384 ) 
4 14 21 (2048 0 160 ) (2048 0 1424 ) (2048 96 1424 ) (2048 96 160 ) 
4 15 81 (3072 0 0 ) (3072 0 64 ) (2048 0 64 ) (2048 0 0 ) 
4 15 59 (2048 96 0 ) (2048 0 0 ) (2048 0 64 ) (2048 96 64 ) 
4 15 16 (3072 0 0 ) (2048 0 0 ) (2048 96 0 ) (3072 96 0 ) 
4 16 82 (3072 0 -144 ) (3072 0 0 ) (2048 0 0 ) (2048 0 -144 ) 
4 16 61 (2048 1024 0 ) (2048 1024 -144 ) (2048 0 -144 ) (2048 0 0 ) 
4 17 128 (1024 1024 1424 ) (1024 1024 448 ) (1024 480 448 ) (1024 480 1424 ) 
4 17 35 (1024 480 1424 ) (1024 480 448 ) (1312 480 448 ) (1312 480 1424 ) 
4 17 22 (1440 480 448 ) (1664 480 448 ) (1664 480 1424 ) (1440 480 1424 ) 
4 17 24 (1312 480 448 ) (1440 480 448 ) (1440 480 1424 ) (1312 480 1424 ) 
4 17 21 (1664 480 448 ) (2048 480 448 ) (2048 480 1424 ) (1664 480 1424 ) 
4 17 19 (2048 480 448 ) (1744 480 448 ) (1744 544 448 ) (2048 544 448 ) 
4 17 18 (1024 544 448 ) (1024 1024 448 ) (2048 1024 448 ) (2048 544 448 ) 
4 18 129 (1024 1024 448 ) (1024 1024 64 ) (1024 544 64 ) (1024 544 448 ) 
4 18 60 (1024 640 64 ) (1024 1024 64 ) (1856 1024 64 ) (1856 640 64 ) 
4 18 59 (1856 1024 64 ) (2048 1024 64 ) (2048 544 64 ) (1856 544 64 ) 
4 18 20 (1344 544 160 ) (1344 544 320 ) (1264 544 320 ) (1264 544 160 ) 
4 18 19 (1744 544 64 ) (2048 544 64 ) (2048 544 448 ) (1744 544 448 ) 
4 19 59 (1856 544 64 ) (2048 544 64 ) (2048 480 64 ) (1856 480 64 ) 
4 19 40 (1744 480 64 ) (2048 480 64 ) (2048 480 160 ) (1744 480 160 ) 
4 19 21 (2048 480 160 ) (2048 480 448 ) (1744 480 448 ) (1744 480 160 ) 
4 20 37 (1312 480 320 ) (1264 480 320 ) (1264 480 160 ) (1312 480 160 ) 
4 20 28 (1344 480 160 ) (1344 480 217.600021 ) (1312 480 217.600021 ) (1312 480 160 ) 
4 20 26 (1344 480 217.600021 ) (1344 480 256 ) (1312 480 256 ) (1312 480 217.600021 ) 
4 20 24 (1344 480 256 ) (1344 480 320 ) (1312 480 320 ) (1312 480 256 ) 
4 21 84 (2048 0 160 ) (2048 0 368 ) (1664 0 368 ) (1664 0 160 ) 
4 21 83 (2048 0 368 ) (2048 0 1424 ) (1664 0 1424 ) (1664 0 368 ) 
4 21 40 (1664 96 160 ) (1664 480 160 ) (2048 480 160 ) (2048 96 160 ) 
4 21 31 (1664 64 160 ) (1664 0 160 ) (1664 0 256 ) (1664 64 256 ) 
4 21 29 (1664 64 1424 ) (1664 96 1424 ) (1664 96 512 ) (1664 64 512 ) 
4 21 30 (1664 0 256 ) (1664 0 1424 ) (1664 64 1424 ) (1664 64 256 ) 
4 21 25 (1664 480 160 ) (1664 96 160 ) (1664 96 256 ) (1664 480 256 ) 
4 21 23 (1664 96 512 ) (1664 96 1424 ) (1664 352 1424 ) (1664 352 512 ) 
4 21 22 (1664 352 1424 ) (1664 480 1424 ) (1664 480 256 ) (1664 352 256 ) 
4 22 25 (1632 480 256 ) (1664 480 256 ) (1664 352 256 ) (1632 352 256 ) 
4 22 23 (1440 352 1424 ) (1440 352 512 ) (1664 352 512 ) (1664 352 1424 ) 
4 22 24 (1440 480 256 ) (1440 352 256 ) (1440 352 1424 ) (1440 480 1424 ) 
4 23 29 (1664 96 512 ) (1664 96 1424 ) (1440 96 1424 ) (1440 96 512 ) 
4 23 24 (1440 96 512 ) (1440 96 1424 ) (1440 352 1424 ) (1440 352 512 ) 
4 24 37 (1312 480 320 ) (1312 480 256 ) (1312 96 256 ) (1312 96 320 ) 
4 24 35 (1312 480 1424 ) (1312 480 368 ) (1312 96 368 ) (1312 96 1424 ) 
4 24 32 (1440 96 1424 ) (1376 96 1424 ) (1376 96 416 ) (1440 96 416 ) 
4 24 34 (1376 96 1424 ) (1312 96 1424 ) (1312 96 256 ) (1376 96 256 ) 
4 24 26 (1408 96 256 ) (1312 96 256 ) (1312 480 256 ) (1408 480 256 ) 
4 25 40 (1632 480 160 ) (1664 480 160 ) (1664 96 160 ) (1632 96 160 ) 
4 26 37 (1312 480 256 ) (1312 480 217.600021 ) (1312 96 217.600021 ) (1312 96 256 ) 
4 26 34 (1376 96 256 ) (1312 96 256 ) (1312 96 217.600021 ) (1376 96 217.600021 ) 
4 26 28 (1408 96 217.600021 ) (1312 96 217.600021 ) (1312 480 217.600021 ) (1408 480 217.600021 ) 
4 27 41 (1576 448 160 ) (1576 128 160 ) (1408 128 160 ) (1408 448 160 ) 
4 27 28 (1408 448 160 ) (1408 128 160 ) (1408 128 217.600021 ) (1408 448 217.600021 ) 
4 28 58 (1312 155.714325 160 ) (1312 157.333344 160 ) (1313.090942 157.151520 160 ) (1318.500000 152 160 ) 
3 28 57 (1329 142 160 ) (1334.250244 137 160 ) (1336.500244 130 160 ) 
3 28 56 (1313.090942 157.151520 160 ) (1328.604004 154.566040 160 ) (1334.250244 137 160 ) 
4 28 55 (1312 157.333344 160 ) (1312 162.666656 160 ) (1325.288330 164.881363 160 ) (1328.604004 154.566040 160 ) 
4 28 54 (1312 162.666656 160 ) (1312 174 160 ) (1320.750122 179 160 ) (1325.288330 164.881363 160 ) 
4 28 53 (1312 174 160 ) (1312 188.666626 160 ) (1316.320435 192.781296 160 ) (1320.750122 179 160 ) 
3 28 52 (1312 188.666626 160 ) (1312 206.222519 160 ) (1316.320435 192.781296 160 ) 
3 28 47 (1344 100 160 ) (1344.750000 96 160 ) (1343.619995 96 160 ) 
3 28 46 (1341 116 160 ) (1347.428711 96 160 ) (1344.750000 96 160 ) 
5 28 45 (1312 206.222519 160 ) (1312 464 160 ) (1408 464 160 ) (1408 96 160 ) (1347.428711 96 160 ) 
4 28 42 (1312 464 160 ) (1312 480 160 ) (1408 480 160 ) (1408 464 160 ) 
4 28 37 (1312 480 217.600021 ) (1312 480 160 ) (1312 96 160 ) (1312 96 217.600021 ) 
4 28 34 (1312 96 217.600021 ) (1312 96 160 ) (1376 96 160 ) (1376 96 217.600021 ) 
4 29 32 (1440 96 1424 ) (1440 96 512 ) (1440 64 512 ) (1440 64 1424 ) 
4 29 30 (1440 64 1424 ) (1440 64 512 ) (1664 64 512 ) (1664 64 1424 ) 
4 30 84 (1440 0 368 ) (1440 0 256 ) (1664 0 256 ) (1664 0 368 ) 
4 30 83 (1664 0 1424 ) (1440 0 1424 ) (1440 0 368 ) (1664 0 368 ) 
4 30 32 (1440 48 416 ) (1440 48 1424 ) (1440 64 1424 ) (1440 64 416 ) 
4 30 33 (1440 48 256 ) (1440 0 256 ) (1440 0 1424 ) (1440 48 1424 ) 
4 30 31 (1440 0 256 ) (1440 64 256 ) (1664 64 256 ) (1664 0 256 ) 
4 31 84 (1440 0 256 ) (1440 0 160 ) (1664 0 160 ) (1664 0 256 ) 
4 31 33 (1440 48 160 ) (1440 0 160 ) (1440 0 256 ) (1440 48 256 ) 
4 32 33 (1376 48 1424 ) (1376 48 416 ) (1440 48 416 ) (1440 48 1424 ) 
4 32 34 (1376 96 1424 ) (1376 96 416 ) (1376 48 416 ) (1376 48 1424 ) 
4 33 84 (1376 0 368 ) (1376 0 160 ) (1440 0 160 ) (1440 0 368 ) 
4 33 83 (1440 0 1424 ) (1376 0 1424 ) (1376 0 368 ) (1440 0 368 ) 
4 33 34 (1376 48 160 ) (1376 0 160 ) (1376 0 1424 ) (1376 48 1424 ) 
4 34 84 (1312 0 368 ) (1312 0 160 ) (1376 0 160 ) (1376 0 368 ) 
4 34 83 (1376 0 1424 ) (1312 0 1424 ) (1312 0 368 ) (1376 0 368 ) 
4 34 37 (1312 96 160 ) (1312 64 160 ) (1312 64 320 ) (1312 96 320 ) 
4 34 38 (1312 16 160 ) (1312 0 160 ) (1312 0 320 ) (1312 16 320 ) 
4 34 35 (1312 0 368 ) (1312 0 1424 ) (1312 96 1424 ) (1312 96 368 ) 
4 35 135 (1024 0 368 ) (1024 0 448 ) (1024 96 448 ) (1024 96 368 ) 
4 35 130 (1024 96 448 ) (1024 480 448 ) (1024 480 368 ) (1024 96 368 ) 
4 35 128 (1024 0 448 ) (1024 0 1424 ) (1024 480 1424 ) (1024 480 448 ) 
4 35 83 (1024 0 1424 ) (1024 0 368 ) (1312 0 368 ) (1312 0 1424 ) 
4 35 36 (1024 0 368 ) (1024 480 368 ) (1264 480 368 ) (1264 0 368 ) 
4 36 135 (1024 0 320 ) (1024 0 368 ) (1024 96 368 ) (1024 96 320 ) 
4 36 130 (1024 96 368 ) (1024 480 368 ) (1024 480 320 ) (1024 96 320 ) 
4 36 87 (1248 0 320 ) (1256 0 320 ) (1256 0 368 ) (1248 0 368 ) 
4 36 86 (1256 0 320 ) (1264 0 320 ) (1264 0 368 ) (1256 0 368 ) 
4 36 89 (1024 0 368 ) (1024 0 320 ) (1248 0 320 ) (1248 0 368 ) 
4 36 39 (1024 480 320 ) (1264 480 320 ) (1264 0 320 ) (1024 0 320 ) 
3 37 58 (1308 158 160 ) (1312 157.333344 160 ) (1312 155.714325 160 ) 
3 37 55 (1296 160 160 ) (1312 162.666656 160 ) (1312 157.333344 160 ) 
3 37 54 (1284 158 160 ) (1312 174 160 ) (1312 162.666656 160 ) 
3 37 53 (1273.500000 152 160 ) (1312 188.666626 160 ) (1312 174 160 ) 
5 37 52 (1264 142.952423 160 ) (1264 143.599823 160 ) (1308.990723 215.584946 160 ) (1312 206.222534 160 ) (1312 188.666626 160 ) 
4 37 51 (1264 143.599823 160 ) (1264 156.444305 160 ) (1296 256 160 ) (1308.990723 215.584946 160 ) 
4 37 50 (1264 156.444305 160 ) (1264 185.333313 160 ) (1284.157959 292.842316 160 ) (1296 256 160 ) 
3 37 49 (1264 185.333313 160 ) (1264 355.555817 160 ) (1284.157959 292.842316 160 ) 
4 37 45 (1264 355.555817 160 ) (1264 464 160 ) (1312 464 160 ) (1312 206.222534 160 ) 
4 37 43 (1264 464 160 ) (1264 480 160 ) (1312 480 160 ) (1312 464 160 ) 
4 37 39 (1264 480 160 ) (1264 64 160 ) (1264 64 320 ) (1264 480 320 ) 
4 38 85 (1264 0 160 ) (1312 0 160 ) (1312 0 320 ) (1264 0 320 ) 
4 38 39 (1264 16 160 ) (1264 0 160 ) (1264 0 320 ) (1264 16 320 ) 
4 39 135 (1024 0 160 ) (1024 0 320 ) (1024 96 320 ) (1024 96 160 ) 
4 39 134 (1024 403.878021 160 ) (1024 349.766479 160 ) (1024 349.766449 224 ) (1024 403.877380 224 ) 
4 39 132 (1024 480 224 ) (1024 480 160 ) (1024 403.878021 160 ) (1024 403.877380 224 ) 
4 39 131 (1024 349.766479 160 ) (1024 96 160 ) (1024 96 224 ) (1024 349.766449 224 ) 
4 39 130 (1024 96 320 ) (1024 480 320 ) (1024 480 224 ) (1024 96 224 ) 
4 39 87 (1248 0 160 ) (1256 0 160 ) (1256 0 320 ) (1248 0 320 ) 
4 39 86 (1256 0 160 ) (1264 0 160 ) (1264 0 320 ) (1256 0 320 ) 
4 39 89 (1024 0 320 ) (1024 0 160 ) (1248 0 160 ) (1248 0 320 ) 
3 39 52 (1264 143.599823 160 ) (1264 142.952423 160 ) (1263 142 160 ) 
3 39 51 (1264 156.444305 160 ) (1264 143.599823 160 ) (1255.499878 130 160 ) 
3 39 50 (1264 185.333298 160 ) (1264 156.444305 160 ) (1251 116 160 ) 
5 39 49 (1213.419678 464 160 ) (1229.142944 464 160 ) (1264 355.555817 160 ) (1264 185.333298 160 ) (1248 100 160 ) 
4 39 48 (1024 96 160 ) (1024 464 160 ) (1213.419678 464 160 ) (1248.379883 96 160 ) 
3 39 45 (1229.142944 464 160 ) (1264 464 160 ) (1264 355.555817 160 ) 
4 39 43 (1056 480 160 ) (1264 480 160 ) (1264 464 160 ) (1056 464 160 ) 
4 39 44 (1024 464 160 ) (1024 480 160 ) (1056 480 160 ) (1056 464 160 ) 
4 40 59 (1856 480 64 ) (2048 480 64 ) (2048 96 64 ) (1856 96 64 ) 
4 41 45 (1408 128 160 ) (1408 448 160 ) (1408 448 64 ) (1408 128 64 ) 
4 42 45 (1312 464 64 ) (1408 464 64 ) (1408 464 160 ) (1312 464 160 ) 
4 42 43 (1312 464 112 ) (1312 464 160 ) (1312 480 160 ) (1312 480 112 ) 
4 43 49 (1229.142944 464 160 ) (1213.419678 464 160 ) (1213.419678 464 112 ) (1229.142944 464 112 ) 
4 43 48 (1213.419678 464 160 ) (1056 464 160 ) (1056 464 112 ) (1213.419678 464 112 ) 
4 43 45 (1312 464 112 ) (1312 464 160 ) (1229.142944 464 160 ) (1229.142944 464 112 ) 
4 43 44 (1056 464 112 ) (1056 464 160 ) (1056 480 160 ) (1056 480 112 ) 
4 44 132 (1024 464 160 ) (1024 480 160 ) (1024 480 64 ) (1024 464 64 ) 
4 44 48 (1024 464 64 ) (1056 464 64 ) (1056 464 160 ) (1024 464 160 ) 
4 45 57 (1334.250732 137 64 ) (1336.500977 129.998581 64 ) (1336.500977 129.998581 160 ) (1334.250732 137 160 ) 
4 45 56 (1328.604370 154.565948 64 ) (1334.250732 137 64 ) (1334.250732 137 160 ) (1328.604370 154.565948 160 ) 
4 45 55 (1325.288696 164.881439 64 ) (1328.604370 154.565948 64 ) (1328.604370 154.565948 160 ) (1325.288696 164.881439 160 ) 
4 45 54 (1320.750488 179 64 ) (1325.288696 164.881439 64 ) (1325.288696 164.881439 160 ) (1320.750488 179 160 ) 
4 45 53 (1316.320801 192.781677 64 ) (1320.750488 179 64 ) (1320.750488 179 160 ) (1316.320801 192.781677 160 ) 
4 45 52 (1308.990967 215.585480 64 ) (1316.320801 192.781677 64 ) (1316.320801 192.781677 160 ) (1308.990967 215.585480 160 ) 
4 45 51 (1296 256 64 ) (1308.990967 215.585480 64 ) (1308.990967 215.585480 160 ) (1296 256 160 ) 
4 45 50 (1284.158081 292.843384 64 ) (1296 256 64 ) (1296 256 160 ) (1284.158081 292.843384 160 ) 
4 45 49 (1229.143555 464 160 ) (1229.143555 464 64 ) (1284.158081 292.843384 64 ) (1284.158081 292.843384 160 ) 
4 45 46 (1341 116.002869 64 ) (1347.429077 96 64 ) (1347.429077 96 160 ) (1341 116.002869 160 ) 
4 46 47 (1344 99.998474 64 ) (1344.749634 96 64 ) (1344.749634 96 160 ) (1344 99.998482 160 ) 
4 48 134 (1024 349.766479 160 ) (1024 403.878021 160 ) (1024 403.878967 64 ) (1024 349.766541 64 ) 
4 48 132 (1024 403.878021 160 ) (1024 464 160 ) (1024 464 64 ) (1024 403.878967 64 ) 
4 48 131 (1024 96 160 ) (1024 349.766479 160 ) (1024 349.766541 64 ) (1024 96 64 ) 
4 48 49 (1248 100 64 ) (1213.419678 464 64 ) (1213.419678 464 160 ) (1248 100 160 ) 
4 49 50 (1251 115.998856 64 ) (1284.157959 292.842529 64 ) (1284.157959 292.842529 160 ) (1251 115.998856 160 ) 
4 50 51 (1255.500000 130 64 ) (1296 256 64 ) (1296 256 160 ) (1255.500000 130 160 ) 
4 51 52 (1263.005371 142.005112 64 ) (1308.991333 215.582840 64 ) (1308.991333 215.582840 160 ) (1263.005371 142.005112 160 ) 
4 52 53 (1273.500488 152 64 ) (1316.320313 192.781311 64 ) (1316.320313 192.781311 160 ) (1273.500488 152 160 ) 
4 53 54 (1284 158 64 ) (1320.750000 179 64 ) (1320.750000 179 160 ) (1284 158 160 ) 
4 54 55 (1296 160 64 ) (1325.288208 164.881775 64 ) (1325.288208 164.881775 160 ) (1296 160 160 ) 
4 55 58 (1308 158 64 ) (1313.090698 157.151718 64 ) (1313.090698 157.151718 160 ) (1308 158 160 ) 
4 55 56 (1313.090698 157.151718 64 ) (1328.603882 154.566193 64 ) (1328.603882 154.566193 160 ) (1313.090698 157.151718 160 ) 
4 56 58 (1313.091797 157.150391 160 ) (1313.091797 157.150391 64 ) (1318.499023 152 64 ) (1318.499023 152 160 ) 
4 56 57 (1329 141.998749 64 ) (1334.250488 137 64 ) (1334.250488 137 160 ) (1329 141.998749 160 ) 
4 59 101 (2048 0 0 ) (2048 0 64 ) (1856 0 64 ) (1856 0 0 ) 
4 59 61 (1856 1024 0 ) (2048 1024 0 ) (2048 0 0 ) (1856 0 0 ) 
4 59 60 (1856 1024 0 ) (1856 640 0 ) (1856 640 64 ) (1856 1024 64 ) 
4 60 142 (1024 640 64 ) (1024 1024 64 ) (1024 1024 0 ) (1024 640 0 ) 
4 60 61 (1024 640 0 ) (1024 1024 0 ) (1856 1024 0 ) (1856 640 0 ) 
4 61 143 (1024 0 -144 ) (1024 0 0 ) (1024 1024 0 ) (1024 1024 -144 ) 
4 61 103 (2048 0 -144 ) (2048 0 0 ) (1024 0 0 ) (1024 0 -144 ) 
4 62 81 (3072 -1024 0 ) (3072 -1024 64 ) (3072 0 64 ) (3072 0 0 ) 
4 62 78 (3072 -1024 160 ) (3072 -1024 384 ) (3072 -992 384 ) (3072 -992 160 ) 
4 62 74 (3072 -992 384 ) (3072 -480 384 ) (3072 -480 160 ) (3072 -992 160 ) 
4 62 71 (3072 -480 384 ) (3072 -416 384 ) (3072 -416 160 ) (3072 -480 160 ) 
4 62 70 (3072 -416 384 ) (3072 0 384 ) (3072 0 160 ) (3072 -416 160 ) 
4 62 69 (3072 -1024 384 ) (3072 -1024 1424 ) (3072 0 1424 ) (3072 0 384 ) 
4 62 65 (3350.270264 -1024 1424 ) (3072 -1024 1424 ) (3072 -1024 0 ) (3350.270264 -1024 0 ) 
4 62 63 (3350.270264 -1024 0 ) (3200 -1024 0 ) (3200 0 0 ) (3350.270264 0 0 ) 
4 62 64 (3200 -1024 0 ) (3072 -1024 0 ) (3072 0 0 ) (3200 0 0 ) 
4 63 66 (3350.270264 -1024 0 ) (3200 -1024 0 ) (3200 -1024 -144 ) (3350.270264 -1024 -144 ) 
4 63 64 (3200 0 -144 ) (3200 -1024 -144 ) (3200 -1024 0 ) (3200 0 0 ) 
4 64 82 (3072 -1024 -144 ) (3072 -1024 0 ) (3072 0 0 ) (3072 0 -144 ) 
4 64 67 (3200 -1024 0 ) (3072 -1024 0 ) (3072 -1024 -144 ) (3200 -1024 -144 ) 
4 65 119 (3350.270264 -2048 1424 ) (3072 -2048 1424 ) (3072 -2048 0 ) (3350.270264 -2048 0 ) 
4 65 109 (3072 -1024 64 ) (3072 -1024 0 ) (3072 -1472 0 ) (3072 -1472 64 ) 
4 65 110 (3072 -2048 0 ) (3072 -2048 160 ) (3072 -1472 160 ) (3072 -1472 0 ) 
4 65 105 (3072 -1056 384 ) (3072 -1024 384 ) (3072 -1024 160 ) (3072 -1056 160 ) 
4 65 108 (3072 -2048 160 ) (3072 -2048 384 ) (3072 -1056 384 ) (3072 -1056 160 ) 
4 65 104 (3072 -2048 384 ) (3072 -2048 1424 ) (3072 -1024 1424 ) (3072 -1024 384 ) 
4 65 68 (3200 -2048 0 ) (3072 -2048 0 ) (3072 -1920 0 ) (3200 -1920 0 ) 
4 65 67 (3072 -1920 0 ) (3072 -1024 0 ) (3200 -1024 0 ) (3200 -1920 0 ) 
4 65 66 (3350.270264 -2048 0 ) (3200 -2048 0 ) (3200 -1024 0 ) (3350.270264 -1024 0 ) 
4 66 119 (3350.270264 -2048 0 ) (3200 -2048 0 ) (3200 -2048 -144 ) (3350.270264 -2048 -144 ) 
4 66 68 (3200 -1920 -144 ) (3200 -2048 -144 ) (3200 -2048 0 ) (3200 -1920 0 ) 
4 66 67 (3200 -1024 -144 ) (3200 -1920 -144 ) (3200 -1920 0 ) (3200 -1024 0 ) 
4 67 111 (3072 -1920 0 ) (3072 -1024 0 ) (3072 -1024 -144 ) (3072 -1920 -144 ) 
4 67 68 (3072 -1920 -144 ) (3200 -1920 -144 ) (3200 -1920 0 ) (3072 -1920 0 ) 
4 68 119 (3200 -2048 0 ) (3072 -2048 0 ) (3072 -2048 -144 ) (3200 -2048 -144 ) 
4 68 112 (3072 -2048 -144 ) (3072 -2048 0 ) (3072 -1920 0 ) (3072 -1920 -144 ) 
4 69 104 (3072 -1024 384 ) (3072 -1024 1424 ) (2048 -1024 1424 ) (2048 -1024 384 ) 
4 69 93 (2048 -1024 384 ) (2048 -1024 512 ) (2048 -848 512 ) (2048 -848 384 ) 
4 69 91 (2048 -848 512 ) (2048 -64 512 ) (2048 -64 384 ) (2048 -848 384 ) 
4 69 90 (2048 -1024 512 ) (2048 -1024 1424 ) (2048 -64 1424 ) (2048 -64 512 ) 
4 69 83 (2048 -64 1424 ) (2048 0 1424 ) (2048 0 384 ) (2048 -64 384 ) 
4 69 80 (2176 -1024 384 ) (2048 -1024 384 ) (2048 -992 384 ) (2176 -992 384 ) 
4 69 78 (3072 -1024 384 ) (2560 -1024 384 ) (2560 -992 384 ) (3072 -992 384 ) 
4 69 79 (2496 -1024 384 ) (2240 -1024 384 ) (2240 -992 384 ) (2496 -992 384 ) 
4 69 75 (2176 -480 384 ) (2560 -480 384 ) (2560 -992 384 ) (2176 -992 384 ) 
4 69 74 (2560 -480 384 ) (3072 -480 384 ) (3072 -992 384 ) (2560 -992 384 ) 
4 69 77 (2048 -992 384 ) (2048 -480 384 ) (2176 -480 384 ) (2176 -992 384 ) 
4 69 73 (2048 -480 384 ) (2048 -416 384 ) (2176 -416 384 ) (2176 -480 384 ) 
4 69 71 (2560 -416 384 ) (3072 -416 384 ) (3072 -480 384 ) (2560 -480 384 ) 
4 69 72 (2240 -416 384 ) (2496 -416 384 ) (2496 -480 384 ) (2240 -480 384 ) 
4 69 70 (2048 -416 384 ) (2048 0 384 ) (3072 0 384 ) (3072 -416 384 ) 
4 70 95 (2048 -64 320 ) (2048 -64 160 ) (2048 -416 160 ) (2048 -416 320 ) 
4 70 91 (2048 -416 384 ) (2048 -64 384 ) (2048 -64 320 ) (2048 -416 320 ) 
4 70 84 (2048 0 368 ) (2048 0 160 ) (2048 -64 160 ) (2048 -64 368 ) 
4 70 83 (2048 -64 384 ) (2048 0 384 ) (2048 0 368 ) (2048 -64 368 ) 
4 70 73 (2048 -416 160 ) (2176 -416 160 ) (2176 -416 384 ) (2048 -416 384 ) 
4 70 71 (2560 -416 160 ) (3072 -416 160 ) (3072 -416 384 ) (2560 -416 384 ) 
4 70 72 (2240 -416 160 ) (2496 -416 160 ) (2496 -416 384 ) (2240 -416 384 ) 
4 71 74 (2560 -480 160 ) (3072 -480 160 ) (3072 -480 384 ) (2560 -480 384 ) 
4 72 75 (2496 -480 352 ) (2496 -480 384 ) (2240 -480 384 ) (2240 -480 352 ) 
4 72 76 (2240 -480 160 ) (2496 -480 160 ) (2496 -480 320 ) (2240 -480 320 ) 
4 73 95 (2048 -416 320 ) (2048 -416 160 ) (2048 -480 160 ) (2048 -480 320 ) 
4 73 91 (2048 -480 384 ) (2048 -416 384 ) (2048 -416 320 ) (2048 -480 320 ) 
4 73 77 (2048 -480 160 ) (2176 -480 160 ) (2176 -480 384 ) (2048 -480 384 ) 
4 74 78 (2560 -992 160 ) (3072 -992 160 ) (3072 -992 384 ) (2560 -992 384 ) 
4 74 75 (2560 -480 384 ) (2560 -480 352 ) (2560 -992 352 ) (2560 -992 384 ) 
4 74 76 (2560 -480 320 ) (2560 -480 160 ) (2560 -992 160 ) (2560 -992 320 ) 
4 75 79 (2496 -992 384 ) (2240 -992 384 ) (2240 -992 352 ) (2496 -992 352 ) 
4 75 77 (2176 -480 384 ) (2176 -480 352 ) (2176 -992 352 ) (2176 -992 384 ) 
4 76 79 (2240 -992 160 ) (2496 -992 160 ) (2496 -992 320 ) (2240 -992 320 ) 
4 76 77 (2176 -480 320 ) (2176 -480 160 ) (2176 -992 160 ) (2176 -992 320 ) 
4 77 95 (2048 -480 320 ) (2048 -480 160 ) (2048 -992 160 ) (2048 -992 320 ) 
4 77 93 (2048 -992 384 ) (2048 -848 384 ) (2048 -848 320 ) (2048 -992 320 ) 
4 77 91 (2048 -848 384 ) (2048 -480 384 ) (2048 -480 320 ) (2048 -848 320 ) 
4 77 80 (2048 -992 160 ) (2176 -992 160 ) (2176 -992 384 ) (2048 -992 384 ) 
4 78 105 (3072 -1024 160 ) (3072 -1024 384 ) (2560 -1024 384 ) (2560 -1024 160 ) 
4 79 106 (2496 -1024 384 ) (2240 -1024 384 ) (2240 -1024 160 ) (2496 -1024 160 ) 
4 80 107 (2176 -1024 384 ) (2048 -1024 384 ) (2048 -1024 160 ) (2176 -1024 160 ) 
4 80 95 (2048 -1024 160 ) (2048 -1024 320 ) (2048 -992 320 ) (2048 -992 160 ) 
4 80 93 (2048 -1024 320 ) (2048 -1024 384 ) (2048 -992 384 ) (2048 -992 320 ) 
4 81 109 (3072 -1024 0 ) (3072 -1024 64 ) (2048 -1024 64 ) (2048 -1024 0 ) 
4 81 101 (2048 -1024 0 ) (2048 -1024 64 ) (2048 0 64 ) (2048 0 0 ) 
4 81 82 (3072 -1024 0 ) (2048 -1024 0 ) (2048 0 0 ) (3072 0 0 ) 
4 82 111 (3072 -1024 -144 ) (3072 -1024 0 ) (2048 -1024 0 ) (2048 -1024 -144 ) 
4 82 103 (2048 -1024 -144 ) (2048 -1024 0 ) (2048 0 0 ) (2048 0 -144 ) 
4 83 166 (1024 0 1424 ) (1024 0 368 ) (1024 -64 368 ) (1024 -64 1424 ) 
4 83 92 (1264 -64 368 ) (1312 -64 368 ) (1312 -64 512 ) (1264 -64 512 ) 
4 83 91 (1312 -64 368 ) (2048 -64 368 ) (2048 -64 512 ) (1312 -64 512 ) 
4 83 90 (1024 -64 1424 ) (1024 -64 512 ) (2048 -64 512 ) (2048 -64 1424 ) 
4 83 88 (1256 -64 368 ) (1248 -64 368 ) (1248 -40 368 ) (1256 -40 368 ) 
4 83 87 (1248 -40 368 ) (1248 0 368 ) (1256 0 368 ) (1256 -40 368 ) 
4 83 86 (1264 -64 368 ) (1256 -64 368 ) (1256 0 368 ) (1264 0 368 ) 
4 83 89 (1248 -64 368 ) (1024 -64 368 ) (1024 0 368 ) (1248 0 368 ) 
4 83 84 (2048 -64 368 ) (1312 -64 368 ) (1312 0 368 ) (2048 0 368 ) 
4 84 98 (1312 -64 160 ) (1344 -64 160 ) (1344 -64 320 ) (1312 -64 320 ) 
4 84 96 (1344 -64 160 ) (1536 -64 160 ) (1536 -64 320 ) (1344 -64 320 ) 
4 84 95 (1536 -64 160 ) (2048 -64 160 ) (2048 -64 320 ) (1536 -64 320 ) 
4 84 91 (2048 -64 320 ) (2048 -64 368 ) (1312 -64 368 ) (1312 -64 320 ) 
4 84 85 (1312 0 160 ) (1312 -64 160 ) (1312 -64 320 ) (1312 0 320 ) 
4 85 98 (1264 -64 160 ) (1312 -64 160 ) (1312 -64 320 ) (1264 -64 320 ) 
4 85 86 (1264 0 160 ) (1264 -64 160 ) (1264 -64 320 ) (1264 0 320 ) 
4 86 88 (1256 -64 328 ) (1256 -64 368 ) (1256 -40 368 ) (1256 -40 328 ) 
4 86 87 (1256 0 160 ) (1256 -40 160 ) (1256 -40 368 ) (1256 0 368 ) 
4 87 88 (1248 -40 368 ) (1248 -40 328 ) (1256 -40 328 ) (1256 -40 368 ) 
4 87 89 (1248 0 160 ) (1248 -40 160 ) (1248 -40 368 ) (1248 0 368 ) 
4 88 89 (1248 -64 328 ) (1248 -64 368 ) (1248 -40 368 ) (1248 -40 328 ) 
4 89 166 (1024 0 368 ) (1024 0 160 ) (1024 -64 160 ) (1024 -64 368 ) 
4 90 171 (1024 -1024 512 ) (1024 -1024 1424 ) (1024 -64 1424 ) (1024 -64 512 ) 
4 90 113 (1536 -1024 512 ) (2048 -1024 512 ) (2048 -1024 1424 ) (1536 -1024 1424 ) 
4 90 116 (1024 -1024 1424 ) (1024 -1024 512 ) (1536 -1024 512 ) (1536 -1024 1424 ) 
4 90 94 (1344 -320 512 ) (1344 -1024 512 ) (1024 -1024 512 ) (1024 -320 512 ) 
4 90 93 (1344 -144 512 ) (2048 -848 512 ) (2048 -1024 512 ) (1344 -1024 512 ) 
3 90 92 (1264 -64 512 ) (1312 -64 512 ) (1312 -112 512 ) 
4 90 91 (1312 -64 512 ) (2048 -64 512 ) (2048 -848 512 ) (1312 -112 512 ) 
4 91 98 (1312 -64 320 ) (1344 -64 320 ) (1344 -144 320 ) (1312 -112 320 ) 
5 91 96 (1344 -64 320 ) (1536 -64 320 ) (1536 -320 320 ) (1520 -320 320 ) (1344 -144 320 ) 
3 91 97 (1536 -320 320 ) (1536 -336 320 ) (1520 -320 320 ) 
4 91 95 (1536 -64 320 ) (2048 -64 320 ) (2048 -848 320 ) (1536 -336 320 ) 
4 91 93 (1344 -144 320 ) (2048 -848 320 ) (2048 -848 512 ) (1344 -144 512 ) 
4 91 92 (1312 -112 368 ) (1312 -112 512 ) (1312 -64 512 ) (1312 -64 368 ) 
4 93 113 (1536 -1024 320 ) (2048 -1024 320 ) (2048 -1024 512 ) (1536 -1024 512 ) 
4 93 116 (1344 -1024 320 ) (1536 -1024 320 ) (1536 -1024 512 ) (1344 -1024 512 ) 
3 93 96 (1344 -320 320 ) (1344 -144 320 ) (1520 -320 320 ) 
5 93 97 (1536 -1024 320 ) (1344 -1024 320 ) (1344 -320 320 ) (1520 -320 320 ) (1536 -336 320 ) 
4 93 95 (2048 -1024 320 ) (1536 -1024 320 ) (1536 -336 320 ) (2048 -848 320 ) 
4 93 94 (1344 -320 320 ) (1344 -1024 320 ) (1344 -1024 512 ) (1344 -320 512 ) 
4 94 172 (1024 -1024 320 ) (1024 -1024 512 ) (1024 -320 512 ) (1024 -320 320 ) 
4 94 116 (1024 -1024 512 ) (1024 -1024 320 ) (1344 -1024 320 ) (1344 -1024 512 ) 
4 94 100 (1344 -1024 320 ) (1024 -1024 320 ) (1024 -320 320 ) (1344 -320 320 ) 
4 95 113 (2048 -1024 160 ) (2048 -1024 320 ) (1536 -1024 320 ) (1536 -1024 160 ) 
4 95 96 (1536 -320 320 ) (1536 -64 320 ) (1536 -64 160 ) (1536 -320 160 ) 
4 95 97 (1536 -1024 320 ) (1536 -320 320 ) (1536 -320 160 ) (1536 -1024 160 ) 
4 96 98 (1344 -144 320 ) (1344 -64 320 ) (1344 -64 160 ) (1344 -144 160 ) 
4 96 97 (1344 -320 320 ) (1344 -320 160 ) (1536 -320 160 ) (1536 -320 320 ) 
4 97 116 (1344 -1024 64 ) (1536 -1024 64 ) (1536 -1024 320 ) (1344 -1024 320 ) 
4 97 102 (1536 -1024 64 ) (1344 -1024 64 ) (1344 -512 64 ) (1536 -512 64 ) 
4 97 100 (1344 -1024 320 ) (1344 -320 320 ) (1344 -320 64 ) (1344 -1024 64 ) 
4 99 174 (1024 -320 320 ) (1024 -64 320 ) (1024 -64 160 ) (1024 -320 160 ) 
4 99 100 (1152 -320 160 ) (1152 -320 320 ) (1024 -320 320 ) (1024 -320 160 ) 
4 100 173 (1024 -1024 64 ) (1024 -1024 320 ) (1024 -320 320 ) (1024 -320 64 ) 
4 100 116 (1024 -1024 320 ) (1024 -1024 64 ) (1344 -1024 64 ) (1344 -1024 320 ) 
4 100 102 (1344 -1024 64 ) (1024 -1024 64 ) (1024 -512 64 ) (1344 -512 64 ) 
4 101 114 (1856 -1024 0 ) (2048 -1024 0 ) (2048 -1024 64 ) (1856 -1024 64 ) 
4 101 103 (1856 0 0 ) (2048 0 0 ) (2048 -1024 0 ) (1856 -1024 0 ) 
4 101 102 (1856 -512 0 ) (1856 -1024 0 ) (1856 -1024 64 ) (1856 -512 64 ) 
4 102 189 (1024 -576 64 ) (1024 -512 64 ) (1024 -512 0 ) (1024 -576 0 ) 
4 102 191 (1024 -1024 0 ) (1024 -1024 64 ) (1024 -576 64 ) (1024 -576 0 ) 
4 102 114 (1536 -1024 0 ) (1856 -1024 0 ) (1856 -1024 64 ) (1536 -1024 64 ) 
4 102 116 (1024 -1024 64 ) (1024 -1024 0 ) (1536 -1024 0 ) (1536 -1024 64 ) 
4 102 103 (1856 -512 0 ) (1856 -1024 0 ) (1024 -1024 0 ) (1024 -512 0 ) 
4 103 192 (1024 -1024 -144 ) (1024 -1024 0 ) (1024 0 0 ) (1024 0 -144 ) 
4 103 117 (1024 -1024 0 ) (1024 -1024 -144 ) (2048 -1024 -144 ) (2048 -1024 0 ) 
4 104 120 (3072 -2048 384 ) (3072 -2048 1424 ) (2048 -2048 1424 ) (2048 -2048 384 ) 
4 104 113 (2048 -1024 1424 ) (2048 -1024 384 ) (2048 -1472 384 ) (2048 -1472 1424 ) 
4 104 115 (2048 -1472 384 ) (2048 -2048 384 ) (2048 -2048 1424 ) (2048 -1472 1424 ) 
4 104 107 (2048 -1024 384 ) (2176 -1024 384 ) (2176 -1056 384 ) (2048 -1056 384 ) 
4 104 105 (2560 -1024 384 ) (3072 -1024 384 ) (3072 -1056 384 ) (2560 -1056 384 ) 
4 104 106 (2240 -1024 384 ) (2496 -1024 384 ) (2496 -1056 384 ) (2240 -1056 384 ) 
4 104 108 (3072 -1056 384 ) (3072 -2048 384 ) (2048 -2048 384 ) (2048 -1056 384 ) 
4 105 108 (2560 -1056 160 ) (3072 -1056 160 ) (3072 -1056 384 ) (2560 -1056 384 ) 
4 106 108 (2240 -1056 160 ) (2496 -1056 160 ) (2496 -1056 384 ) (2240 -1056 384 ) 
4 107 113 (2048 -1024 384 ) (2048 -1024 160 ) (2048 -1056 160 ) (2048 -1056 384 ) 
4 107 108 (2048 -1056 160 ) (2176 -1056 160 ) (2176 -1056 384 ) (2048 -1056 384 ) 
4 108 120 (3072 -2048 160 ) (3072 -2048 384 ) (2048 -2048 384 ) (2048 -2048 160 ) 
4 108 113 (2048 -1056 160 ) (2048 -1472 160 ) (2048 -1472 384 ) (2048 -1056 384 ) 
4 108 115 (2048 -1472 160 ) (2048 -2048 160 ) (2048 -2048 384 ) (2048 -1472 384 ) 
4 108 110 (3072 -2048 160 ) (2048 -2048 160 ) (2048 -1472 160 ) (3072 -1472 160 ) 
4 109 114 (2048 -1024 64 ) (2048 -1024 0 ) (2048 -1472 0 ) (2048 -1472 64 ) 
4 109 111 (2048 -1024 0 ) (3072 -1024 0 ) (3072 -1472 0 ) (2048 -1472 0 ) 
4 109 110 (2048 -1472 0 ) (3072 -1472 0 ) (3072 -1472 64 ) (2048 -1472 64 ) 
4 110 120 (3072 -2048 0 ) (3072 -2048 160 ) (2048 -2048 160 ) (2048 -2048 0 ) 
4 110 115 (2048 -1472 0 ) (2048 -2048 0 ) (2048 -2048 160 ) (2048 -1472 160 ) 
4 110 112 (3072 -1920 0 ) (3072 -2048 0 ) (2048 -2048 0 ) (2048 -1920 0 ) 
4 110 111 (3072 -1472 0 ) (3072 -1920 0 ) (2048 -1920 0 ) (2048 -1472 0 ) 
4 111 117 (2048 -1024 0 ) (2048 -1024 -144 ) (2048 -1920 -144 ) (2048 -1920 0 ) 
4 111 112 (2048 -1920 -144 ) (3072 -1920 -144 ) (3072 -1920 0 ) (2048 -1920 0 ) 
4 112 120 (3072 -2048 -144 ) (3072 -2048 0 ) (2048 -2048 0 ) (2048 -2048 -144 ) 
4 112 118 (2048 -1920 -144 ) (2048 -2048 -144 ) (2048 -2048 0 ) (2048 -1920 0 ) 
4 113 116 (1536 -1472 160 ) (1536 -1472 1424 ) (1536 -1024 1424 ) (1536 -1024 160 ) 
4 113 115 (1536 -1472 1424 ) (1536 -1472 160 ) (2048 -1472 160 ) (2048 -1472 1424 ) 
4 114 117 (2048 -1024 0 ) (2048 -1472 0 ) (1536 -1472 0 ) (1536 -1024 0 ) 
4 114 115 (1536 -1472 64 ) (1536 -1472 0 ) (2048 -1472 0 ) (2048 -1472 64 ) 
4 114 116 (1536 -1024 0 ) (1536 -1472 0 ) (1536 -1472 64 ) (1536 -1024 64 ) 
4 115 121 (1536 -2048 0 ) (2048 -2048 0 ) (2048 -2048 1424 ) (1536 -2048 1424 ) 
4 115 118 (2048 -1920 0 ) (2048 -2048 0 ) (1536 -2048 0 ) (1536 -1920 0 ) 
4 115 117 (2048 -1472 0 ) (2048 -1920 0 ) (1536 -1920 0 ) (1536 -1472 0 ) 
4 115 116 (1536 -1472 0 ) (1536 -2048 0 ) (1536 -2048 1424 ) (1536 -1472 1424 ) 
4 116 209 (1024 -2048 0 ) (1024 -2048 1424 ) (1024 -1024 1424 ) (1024 -1024 0 ) 
4 116 121 (1024 -2048 1424 ) (1024 -2048 0 ) (1536 -2048 0 ) (1536 -2048 1424 ) 
4 116 118 (1536 -2048 0 ) (1024 -2048 0 ) (1024 -1920 0 ) (1536 -1920 0 ) 
4 116 117 (1024 -1920 0 ) (1024 -1024 0 ) (1536 -1024 0 ) (1536 -1920 0 ) 
4 117 210 (1024 -1920 0 ) (1024 -1024 0 ) (1024 -1024 -144 ) (1024 -1920 -144 ) 
4 117 118 (1024 -1920 -144 ) (2048 -1920 -144 ) (2048 -1920 0 ) (1024 -1920 0 ) 
4 118 211 (1024 -2048 -144 ) (1024 -2048 0 ) (1024 -1920 0 ) (1024 -1920 -144 ) 
4 118 121 (1024 -2048 0 ) (1024 -2048 -144 ) (2048 -2048 -144 ) (2048 -2048 0 ) 
4 119 120 (3072 -2048 1424 ) (3072 -2048 -144 ) (3072 -2145.530029 -144 ) (3072 -2145.530029 1424 ) 
4 120 121 (2048 -2048 1424 ) (2048 -2048 -144 ) (2048 -2145.530029 -144 ) (2048 -2145.530029 1424 ) 
4 121 231 (1024 -2145.530029 1424 ) (1024 -2048 1424 ) (1024 -2048 -144 ) (1024 -2145.530029 -144 ) 
4 122 142 (1024 1024 0 ) (1024 1024 64 ) (0 1024 64 ) (0 1024 0 ) 
4 122 141 (448 1024 448 ) (0 1024 448 ) (0 1024 64 ) (448 1024 64 ) 
4 122 129 (1024 1024 64 ) (1024 1024 448 ) (448 1024 448 ) (448 1024 64 ) 
4 122 128 (1024 1024 448 ) (1024 1024 1424 ) (0 1024 1424 ) (0 1024 448 ) 
4 122 125 (0 1842.790039 0 ) (0 1024 0 ) (0 1024 1424 ) (0 1842.790039 1424 ) 
4 122 123 (0 1344 0 ) (0 1842.790039 0 ) (1024 1842.790039 0 ) (1024 1344 0 ) 
4 122 124 (1024 1024 0 ) (0 1024 0 ) (0 1344 0 ) (1024 1344 0 ) 
4 123 126 (0 1842.790039 -144 ) (0 1344 -144 ) (0 1344 0 ) (0 1842.790039 0 ) 
4 123 124 (0 1344 -144 ) (1024 1344 -144 ) (1024 1344 0 ) (0 1344 0 ) 
4 124 143 (1024 1024 -144 ) (1024 1024 0 ) (0 1024 0 ) (0 1024 -144 ) 
4 124 127 (0 1344 -144 ) (0 1024 -144 ) (0 1024 0 ) (0 1344 0 ) 
4 125 151 (-1024 1024 0 ) (-1024 1024 1424 ) (-1024 1842.790039 1424 ) (-1024 1842.790039 0 ) 
4 125 149 (-1024 1024 64 ) (-1024 1024 0 ) (-64 1024 0 ) (-64 1024 64 ) 
4 125 148 (-64 1024 0 ) (0 1024 0 ) (0 1024 64 ) (-64 1024 64 ) 
4 125 145 (-512 1024 64 ) (0 1024 64 ) (0 1024 448 ) (-512 1024 448 ) 
4 125 147 (-1024 1024 448 ) (-1024 1024 64 ) (-512 1024 64 ) (-512 1024 448 ) 
4 125 144 (-1024 1024 1424 ) (-1024 1024 448 ) (0 1024 448 ) (0 1024 1424 ) 
4 125 126 (0 1842.790039 0 ) (0 1344 0 ) (-1024 1344 0 ) (-1024 1842.790039 0 ) 
4 125 127 (0 1344 0 ) (0 1024 0 ) (-1024 1024 0 ) (-1024 1344 0 ) 
4 126 152 (-1024 1344 0 ) (-1024 1842.790039 0 ) (-1024 1842.790039 -144 ) (-1024 1344 -144 ) 
4 126 127 (-1024 1344 -144 ) (0 1344 -144 ) (0 1344 0 ) (-1024 1344 0 ) 
4 127 153 (-1024 1024 -144 ) (-1024 1024 0 ) (-1024 1344 0 ) (-1024 1344 -144 ) 
4 127 150 (-1024 1024 0 ) (-1024 1024 -144 ) (0 1024 -144 ) (0 1024 0 ) 
4 128 175 (832 0 1424 ) (0 0 1424 ) (0 0 448 ) (832 0 448 ) 
4 128 167 (838 0 1424 ) (836 0 1424 ) (836 0 448 ) (838 0 448 ) 
4 128 166 (1024 0 448 ) (1024 0 1424 ) (838 0 1424 ) (838 0 448 ) 
4 128 170 (836 0 1424 ) (832 0 1424 ) (832 0 448 ) (836 0 448 ) 
4 128 144 (0 1024 1424 ) (0 1024 448 ) (0 0 448 ) (0 0 1424 ) 
4 128 141 (0 368 448 ) (0 1024 448 ) (448 1024 448 ) (448 368 448 ) 
4 128 140 (736 0 448 ) (448 0 448 ) (448 64 448 ) (736 324 448 ) 
4 128 136 (838 0 448 ) (836 0 448 ) (836 96 448 ) (838 96 448 ) 
4 128 135 (1024 0 448 ) (838 0 448 ) (838 96 448 ) (1024 96 448 ) 
4 128 138 (836 0 448 ) (736 0 448 ) (736 96 448 ) (836 96 448 ) 
4 128 130 (736 96 448 ) (736 480 448 ) (1024 480 448 ) (1024 96 448 ) 
4 128 129 (448 544 448 ) (448 1024 448 ) (1024 1024 448 ) (1024 544 448 ) 
4 129 142 (448 1024 64 ) (1024 1024 64 ) (1024 640 64 ) (448 640 64 ) 
4 129 141 (448 1024 64 ) (448 544 64 ) (448 544 448 ) (448 1024 448 ) 
4 130 140 (736 324 224 ) (736 96 224 ) (736 96 448 ) (736 324 448 ) 
4 130 136 (836 96 224 ) (838 96 224 ) (838 96 448 ) (836 96 448 ) 
4 130 135 (838 96 224 ) (1024 96 224 ) (1024 96 448 ) (838 96 448 ) 
4 130 138 (736 96 448 ) (736 96 224 ) (836 96 224 ) (836 96 448 ) 
4 130 134 (977.838745 379.847351 224 ) (1024 403.877411 224 ) (1024 349.766449 224 ) (1000 337.272858 224 ) 
4 130 133 (736 199.843964 224 ) (736 253.953888 224 ) (821.721191 298.577606 224 ) (843.882996 256.003998 224 ) 
4 130 132 (736 253.953888 224 ) (736 480 224 ) (1024 480 224 ) (1024 403.877411 224 ) 
4 130 131 (1024 96 224 ) (736 96 224 ) (736 199.843964 224 ) (1024 349.766449 224 ) 
4 131 140 (736 199.844025 64 ) (736 96 64 ) (736 96 224 ) (736 199.843964 224 ) 
4 131 139 (736 96 160 ) (736 96 64 ) (832 96 64 ) (832 96 160 ) 
4 131 137 (836 96 160 ) (838 96 160 ) (838 96 218 ) (836 96 218 ) 
4 131 136 (838 96 218 ) (838 96 224 ) (836 96 224 ) (836 96 218 ) 
4 131 135 (838 96 160 ) (1024 96 160 ) (1024 96 224 ) (838 96 224 ) 
4 131 138 (736 96 224 ) (736 96 160 ) (836 96 160 ) (836 96 224 ) 
4 131 134 (999.998901 337.274841 224 ) (1024 349.768951 224 ) (1024 349.769043 64 ) (999.998474 337.274719 64 ) 
4 131 133 (736 199.846542 64 ) (736 199.846466 224 ) (843.881958 256.005951 224 ) (843.881836 256.005981 64 ) 
4 132 140 (736 324 64 ) (736 253.955460 64 ) (736 253.953888 224 ) (736 324 224 ) 
4 132 134 (1024 403.875610 224 ) (977.839478 379.846069 224 ) (977.838440 379.847137 64 ) (1024 403.877197 64 ) 
4 132 133 (821.721680 298.576752 224 ) (736 253.953125 224 ) (736 253.954712 64 ) (821.720947 298.577972 64 ) 
4 133 140 (736 253.955460 64 ) (736 199.844025 64 ) (736 199.843964 224 ) (736 253.953888 224 ) 
4 135 166 (1024 0 160 ) (1024 0 448 ) (838 0 448 ) (838 0 160 ) 
4 135 137 (838 96 218 ) (838 96 160 ) (838 0 160 ) (838 0 218 ) 
4 135 136 (838 96 448 ) (838 96 218 ) (838 0 218 ) (838 0 448 ) 
4 136 167 (838 0 448 ) (836 0 448 ) (836 0 218 ) (838 0 218 ) 
4 136 138 (836 96 448 ) (836 96 218 ) (836 0 218 ) (836 0 448 ) 
4 136 137 (836 0 218 ) (836 96 218 ) (838 96 218 ) (838 0 218 ) 
4 137 168 (836 0 218 ) (836 0 160 ) (838 0 160 ) (838 0 218 ) 
4 137 138 (836 96 218 ) (836 96 160 ) (836 0 160 ) (836 0 218 ) 
4 138 176 (832 0 448 ) (736 0 448 ) (736 0 160 ) (832 0 160 ) 
4 138 170 (836 0 448 ) (832 0 448 ) (832 0 160 ) (836 0 160 ) 
4 138 140 (736 0 160 ) (736 0 448 ) (736 96 448 ) (736 96 160 ) 
4 138 139 (736 0 160 ) (736 96 160 ) (832 96 160 ) (832 0 160 ) 
4 139 176 (832 0 160 ) (736 0 160 ) (736 0 64 ) (832 0 64 ) 
4 139 140 (736 96 64 ) (736 0 64 ) (736 0 160 ) (736 96 160 ) 
4 140 182 (512 0 448 ) (448 0 448 ) (448 0 64 ) (512 0 64 ) 
4 140 177 (736 0 448 ) (688 0 448 ) (688 0 64 ) (736 0 64 ) 
4 140 180 (688 0 448 ) (512 0 448 ) (512 0 64 ) (688 0 64 ) 
4 141 145 (0 1024 448 ) (0 1024 64 ) (0 368 64 ) (0 368 448 ) 
4 141 142 (0 1024 64 ) (448 1024 64 ) (448 640 64 ) (0 640 64 ) 
4 142 148 (0 1024 64 ) (0 1024 0 ) (0 640 0 ) (0 640 64 ) 
4 142 143 (0 640 0 ) (0 1024 0 ) (1024 1024 0 ) (1024 640 0 ) 
4 143 192 (1024 0 -144 ) (1024 0 0 ) (0 0 0 ) (0 0 -144 ) 
4 143 150 (0 1024 0 ) (0 1024 -144 ) (0 0 -144 ) (0 0 0 ) 
4 144 193 (0 0 448 ) (0 0 1424 ) (-1024 0 1424 ) (-1024 0 448 ) 
4 144 155 (-1024 0 448 ) (-1024 0 1424 ) (-1024 1024 1424 ) (-1024 1024 448 ) 
3 144 146 (-99.200424 0 448 ) (-512 0 448 ) (-512 196.570007 448 ) 
4 144 145 (-512 1024 448 ) (0 1024 448 ) (0 368 448 ) (-512 368 448 ) 
4 144 147 (-1024 0 448 ) (-1024 1024 448 ) (-512 1024 448 ) (-512 0 448 ) 
4 145 149 (-512 368 64 ) (-512 1024 64 ) (-64 1024 64 ) (-64 368 64 ) 
4 145 148 (-64 1024 64 ) (0 1024 64 ) (0 640 64 ) (-64 640 64 ) 
4 145 147 (-512 1024 64 ) (-512 368 64 ) (-512 368 448 ) (-512 1024 448 ) 
4 146 194 (-99.200424 0 448 ) (-512 0 448 ) (-512 0 64 ) (-99.200439 0 64 ) 
4 146 147 (-512 196.569992 64 ) (-512 0 64 ) (-512 0 448 ) (-512 196.570007 448 ) 
4 147 194 (-512 0 448 ) (-1024 0 448 ) (-1024 0 64 ) (-512 0 64 ) 
4 147 160 (-1024 0 64 ) (-1024 0 256 ) (-1024 256 256 ) (-1024 256 64 ) 
4 147 158 (-1024 256 256 ) (-1024 1024 256 ) (-1024 1024 64 ) (-1024 256 64 ) 
4 147 155 (-1024 0 256 ) (-1024 0 448 ) (-1024 1024 448 ) (-1024 1024 256 ) 
4 147 149 (-1024 256 64 ) (-1024 1024 64 ) (-512 1024 64 ) (-512 256 64 ) 
4 148 150 (-64 1024 0 ) (0 1024 0 ) (0 640 0 ) (-64 640 0 ) 
4 148 149 (-64 1024 0 ) (-64 640 0 ) (-64 640 64 ) (-64 1024 64 ) 
4 149 158 (-1024 256 64 ) (-1024 1024 64 ) (-1024 1024 0 ) (-1024 256 0 ) 
4 149 150 (-1024 256 0 ) (-1024 1024 0 ) (-64 1024 0 ) (-64 256 0 ) 
4 150 208 (0 0 -144 ) (0 0 0 ) (-1024 0 0 ) (-1024 0 -144 ) 
4 150 164 (-1024 0 -144 ) (-1024 0 0 ) (-1024 1024 0 ) (-1024 1024 -144 ) 
4 151 161 (-1778.979980 1024 1424 ) (-1856 1024 1424 ) (-1856 1024 0 ) (-1778.979980 1024 0 ) 
4 151 163 (-1856 1024 1424 ) (-1931.699951 1024 1424 ) (-1931.699951 1024 0 ) (-1856 1024 0 ) 
4 151 159 (-1470.910034 1024 256 ) (-1778.979980 1024 256 ) (-1778.979980 1024 0 ) (-1470.910034 1024 0 ) 
4 151 158 (-1024 1024 0 ) (-1024 1024 256 ) (-1470.910034 1024 256 ) (-1470.910034 1024 0 ) 
4 151 156 (-1470.910034 1024 1424 ) (-1778.979980 1024 1424 ) (-1778.979980 1024 256 ) (-1470.910034 1024 256 ) 
4 151 155 (-1024 1024 256 ) (-1024 1024 1424 ) (-1470.910034 1024 1424 ) (-1470.910034 1024 256 ) 
4 151 153 (-1024 1024 0 ) (-1920 1024 0 ) (-1920 1344 0 ) (-1024 1344 0 ) 
4 151 152 (-1920 1344 0 ) (-1920 1842.790039 0 ) (-1024 1842.790039 0 ) (-1024 1344 0 ) 
4 151 154 (-1920 1024 0 ) (-1931.699951 1024 0 ) (-1931.699951 1842.790039 0 ) (-1920 1842.790039 0 ) 
4 152 154 (-1920 1842.790039 0 ) (-1920 1842.790039 -144 ) (-1920 1344 -144 ) (-1920 1344 0 ) 
4 152 153 (-1920 1344 0 ) (-1920 1344 -144 ) (-1024 1344 -144 ) (-1024 1344 0 ) 
4 153 164 (-1024 1024 -144 ) (-1024 1024 0 ) (-1920 1024 0 ) (-1920 1024 -144 ) 
4 153 154 (-1920 1344 -144 ) (-1920 1024 -144 ) (-1920 1024 0 ) (-1920 1344 0 ) 
4 154 165 (-1920 1024 0 ) (-1931.699951 1024 0 ) (-1931.699951 1024 -144 ) (-1920 1024 -144 ) 
4 155 216 (-1024 0 256 ) (-1024 0 320 ) (-1470.910034 0 320 ) (-1470.910034 0 256 ) 
4 155 215 (-1024 0 320 ) (-1024 0 1424 ) (-1470.910034 0 1424 ) (-1470.910034 0 320 ) 
4 155 160 (-1024 0 256 ) (-1470.910034 0 256 ) (-1470.910034 256 256 ) (-1024 256 256 ) 
4 155 158 (-1470.910034 256 256 ) (-1470.910034 1024 256 ) (-1024 1024 256 ) (-1024 256 256 ) 
4 155 157 (-1470.910034 0 320 ) (-1470.910034 0 1424 ) (-1470.910034 256 1424 ) (-1470.910034 256 320 ) 
4 155 156 (-1470.910034 1024 256 ) (-1470.910034 256 256 ) (-1470.910034 256 1424 ) (-1470.910034 1024 1424 ) 
4 156 162 (-1778.979980 320 256 ) (-1778.979980 256 256 ) (-1778.979980 256 1424 ) (-1778.979980 320 1424 ) 
4 156 161 (-1778.979980 1024 1424 ) (-1778.979980 1024 256 ) (-1778.979980 320 256 ) (-1778.979980 320 1424 ) 
4 156 159 (-1778.979980 320 256 ) (-1778.979980 1024 256 ) (-1470.910034 1024 256 ) (-1470.910034 320 256 ) 
4 156 157 (-1470.910034 256 320 ) (-1470.910034 256 1424 ) (-1778.979980 256 1424 ) (-1778.979980 256 320 ) 
4 157 215 (-1470.910034 0 1424 ) (-1778.979980 0 1424 ) (-1778.979980 0 320 ) (-1470.910034 0 320 ) 
4 157 162 (-1778.979980 0 320 ) (-1778.979980 0 1424 ) (-1778.979980 256 1424 ) (-1778.979980 256 320 ) 
4 158 164 (-1470.910034 1024 0 ) (-1024 1024 0 ) (-1024 256 0 ) (-1470.910034 256 0 ) 
4 158 160 (-1024 256 256 ) (-1470.910034 256 256 ) (-1470.910034 256 64 ) (-1024 256 64 ) 
4 158 159 (-1470.910034 1024 0 ) (-1470.910034 320 0 ) (-1470.910034 320 256 ) (-1470.910034 1024 256 ) 
4 159 164 (-1778.979980 320 0 ) (-1778.979980 1024 0 ) (-1470.910034 1024 0 ) (-1470.910034 320 0 ) 
4 159 161 (-1778.979980 1024 256 ) (-1778.979980 1024 0 ) (-1778.979980 320 0 ) (-1778.979980 320 256 ) 
4 160 219 (-1470.910034 0 256 ) (-1778.979980 0 256 ) (-1778.979980 0 64 ) (-1470.910034 0 64 ) 
4 160 218 (-1024 0 64 ) (-1024 0 256 ) (-1470.910034 0 256 ) (-1470.910034 0 64 ) 
4 161 164 (-1856 320 0 ) (-1856 1024 0 ) (-1778.979980 1024 0 ) (-1778.979980 320 0 ) 
4 161 162 (-1856 320 1424 ) (-1856 320 256 ) (-1778.979980 320 256 ) (-1778.979980 320 1424 ) 
4 161 163 (-1856 1024 0 ) (-1856 320 0 ) (-1856 320 1424 ) (-1856 1024 1424 ) 
4 162 222 (-1778.979980 0 256 ) (-1778.979980 0 1424 ) (-1856 0 1424 ) (-1856 0 256 ) 
4 162 163 (-1856 0 256 ) (-1856 0 1424 ) (-1856 320 1424 ) (-1856 320 256 ) 
4 163 224 (-1931.699951 0 0 ) (-1856 0 0 ) (-1856 0 1424 ) (-1931.699951 0 1424 ) 
4 163 165 (-1920 0 0 ) (-1931.699951 0 0 ) (-1931.699951 1024 0 ) (-1920 1024 0 ) 
4 163 164 (-1856 0 0 ) (-1920 0 0 ) (-1920 1024 0 ) (-1856 1024 0 ) 
4 164 225 (-1024 0 -144 ) (-1024 0 0 ) (-1920 0 0 ) (-1920 0 -144 ) 
4 164 165 (-1920 1024 -144 ) (-1920 0 -144 ) (-1920 0 0 ) (-1920 1024 0 ) 
4 165 226 (-1920 0 0 ) (-1931.699951 0 0 ) (-1931.699951 0 -144 ) (-1920 0 -144 ) 
4 166 174 (896 -64 160 ) (1024 -64 160 ) (1024 -64 320 ) (896 -64 320 ) 
4 166 171 (1024 -64 512 ) (1024 -64 1424 ) (838 -64 1424 ) (838 -64 512 ) 
4 166 168 (838 0 160 ) (838 -16 160 ) (838 -16 218 ) (838 0 218 ) 
4 166 167 (838 -16 218 ) (838 -16 1424 ) (838 0 1424 ) (838 0 218 ) 
4 166 169 (838 -16 160 ) (838 -64 160 ) (838 -64 1424 ) (838 -16 1424 ) 
4 167 169 (836 -16 1424 ) (836 -16 218 ) (838 -16 218 ) (838 -16 1424 ) 
4 167 170 (836 -16 218 ) (836 -16 1424 ) (836 0 1424 ) (836 0 218 ) 
4 167 168 (838 -16 218 ) (836 -16 218 ) (836 0 218 ) (838 0 218 ) 
4 168 169 (836 -16 218 ) (836 -16 160 ) (838 -16 160 ) (838 -16 218 ) 
4 168 170 (836 0 160 ) (836 -16 160 ) (836 -16 218 ) (836 0 218 ) 
4 169 171 (838 -64 512 ) (838 -64 1424 ) (836 -64 1424 ) (836 -64 512 ) 
4 169 170 (836 -16 160 ) (836 -64 160 ) (836 -64 1424 ) (836 -16 1424 ) 
4 170 176 (832 -64 160 ) (832 -64 448 ) (832 0 448 ) (832 0 160 ) 
4 170 175 (832 -64 448 ) (832 -64 1424 ) (832 0 1424 ) (832 0 448 ) 
4 170 171 (832 -64 1424 ) (832 -64 512 ) (836 -64 512 ) (836 -64 1424 ) 
4 171 209 (1024 -1024 512 ) (1024 -1024 1424 ) (832 -1024 1424 ) (832 -1024 512 ) 
4 171 175 (832 -1024 512 ) (832 -1024 1424 ) (832 -64 1424 ) (832 -64 512 ) 
4 171 172 (1024 -1024 512 ) (832 -1024 512 ) (832 -320 512 ) (1024 -320 512 ) 
4 172 209 (1024 -1024 320 ) (1024 -1024 512 ) (832 -1024 512 ) (832 -1024 320 ) 
4 172 181 (832 -1024 320 ) (832 -1024 448 ) (832 -576 448 ) (832 -576 320 ) 
4 172 175 (832 -1024 448 ) (832 -1024 512 ) (832 -320 512 ) (832 -320 448 ) 
4 172 173 (832 -1024 320 ) (832 -320 320 ) (1024 -320 320 ) (1024 -1024 320 ) 
4 173 209 (1024 -1024 64 ) (1024 -1024 320 ) (832 -1024 320 ) (832 -1024 64 ) 
4 173 189 (832 -576 64 ) (832 -512 64 ) (1024 -512 64 ) (1024 -576 64 ) 
4 173 191 (1024 -1024 64 ) (832 -1024 64 ) (832 -576 64 ) (1024 -576 64 ) 
4 173 181 (832 -576 64 ) (832 -1024 64 ) (832 -1024 320 ) (832 -576 320 ) 
4 175 209 (0 -1024 1424 ) (0 -1024 448 ) (832 -1024 448 ) (832 -1024 1424 ) 
4 175 193 (0 -1024 448 ) (0 -1024 1424 ) (0 0 1424 ) (0 0 448 ) 
4 175 188 (512 -576 448 ) (512 -1024 448 ) (0 -1024 448 ) (0 -576 448 ) 
4 175 183 (512 -32 448 ) (512 -384 448 ) (0 -384 448 ) (0 -32 448 ) 
4 175 182 (448 0 448 ) (512 0 448 ) (512 -32 448 ) (448 -32 448 ) 
4 175 178 (736 -80 448 ) (736 -128 448 ) (688 -128 448 ) (688 -80 448 ) 
4 175 177 (688 0 448 ) (736 0 448 ) (736 -80 448 ) (688 -80 448 ) 
4 175 179 (736 -128 448 ) (736 -160 448 ) (688 -208 448 ) (688 -128 448 ) 
4 175 176 (736 0 448 ) (832 0 448 ) (832 -64 448 ) (736 -160 448 ) 
4 175 180 (512 0 448 ) (688 0 448 ) (688 -208 448 ) (512 -384 448 ) 
4 175 181 (832 -576 448 ) (832 -1024 448 ) (512 -1024 448 ) (512 -576 448 ) 
4 176 178 (736 -128 112 ) (736 -128 448 ) (736 -80 448 ) (736 -80 112 ) 
4 176 177 (736 0 64 ) (736 -80 64 ) (736 -80 448 ) (736 0 448 ) 
4 176 179 (736 -128 64 ) (736 -160 64 ) (736 -160 448 ) (736 -128 448 ) 
4 177 178 (688 -80 448 ) (688 -80 112 ) (736 -80 112 ) (736 -80 448 ) 
4 177 180 (688 0 64 ) (688 -80 64 ) (688 -80 448 ) (688 0 448 ) 
4 178 180 (688 -128 112 ) (688 -128 448 ) (688 -80 448 ) (688 -80 112 ) 
4 178 179 (688 -128 448 ) (688 -128 112 ) (736 -128 112 ) (736 -128 448 ) 
4 179 180 (688 -128 64 ) (688 -208 64 ) (688 -208 448 ) (688 -128 448 ) 
4 180 187 (512 -145.912933 64 ) (512 -225.514038 64 ) (512 -225.514038 400 ) (512 -145.912598 400 ) 
4 180 185 (512 -32 64 ) (512 -145.912933 64 ) (512 -145.912598 400 ) (512 -32 400 ) 
4 180 184 (512 -225.514038 64 ) (512 -384 64 ) (512 -384 400 ) (512 -225.514038 400 ) 
4 180 183 (512 -384 400 ) (512 -384 448 ) (512 -32 448 ) (512 -32 400 ) 
4 180 182 (512 0 64 ) (512 -32 64 ) (512 -32 448 ) (512 0 448 ) 
4 181 209 (512 -1024 64 ) (832 -1024 64 ) (832 -1024 448 ) (512 -1024 448 ) 
4 181 191 (832 -1024 64 ) (512 -1024 64 ) (512 -576 64 ) (832 -576 64 ) 
4 181 188 (512 -576 64 ) (512 -1024 64 ) (512 -1024 448 ) (512 -576 448 ) 
4 182 185 (448 -32 64 ) (512 -32 64 ) (512 -32 400 ) (448 -32 400 ) 
4 182 183 (512 -32 400 ) (512 -32 448 ) (448 -32 448 ) (448 -32 400 ) 
4 183 187 (435.065735 -88.981491 400 ) (512 -145.912598 400 ) (512 -225.514023 400 ) (397 -140.419769 400 ) 
4 183 186 (250.478485 -32 400 ) (358.063385 -32 400 ) (358.066345 -32.002197 400 ) (320.002014 -83.444244 400 ) 
3 183 185 (358.063385 -32 400 ) (512 -32 400 ) (512 -145.912598 400 ) 
5 183 184 (512 -384 400 ) (0 -384 400 ) (0 -32 400 ) (250.478485 -32 400 ) (512 -225.514023 400 ) 
4 184 200 (0 -127.861465 64 ) (0 -384 64 ) (0 -384 384 ) (0 -127.861481 384 ) 
4 184 198 (0 -96 64 ) (0 -127.861465 64 ) (0 -127.861481 384 ) (0 -96 384 ) 
4 184 187 (397.002563 -140.417206 400 ) (512 -225.510391 400 ) (512 -225.510391 64 ) (397.002411 -140.417084 64 ) 
4 184 186 (250.484360 -32 64 ) (250.484375 -32 400 ) (320.004028 -83.441566 400 ) (320.004028 -83.441574 64 ) 
4 185 187 (512 -145.912170 64 ) (512 -145.911835 400 ) (435.066101 -88.981003 400 ) (435.065765 -88.981094 64 ) 
4 188 209 (0 -1024 448 ) (0 -1024 64 ) (512 -1024 64 ) (512 -1024 448 ) 
4 188 207 (0 -1024 64 ) (0 -1024 448 ) (0 -576 448 ) (0 -576 64 ) 
4 188 191 (512 -1024 64 ) (0 -1024 64 ) (0 -576 64 ) (512 -576 64 ) 
4 189 192 (1024 -512 0 ) (1024 -576 0 ) (512 -576 0 ) (512 -512 0 ) 
4 189 190 (512 -512 0 ) (512 -576 0 ) (512 -576 63 ) (512 -512 63 ) 
4 189 191 (512 -576 0 ) (1024 -576 0 ) (1024 -576 64 ) (512 -576 64 ) 
4 190 205 (0 -512 0 ) (0 -576 0 ) (0 -576 63 ) (0 -512 63 ) 
4 190 192 (0 -576 0 ) (0 -512 0 ) (512 -512 0 ) (512 -576 0 ) 
4 190 191 (0 -576 0 ) (512 -576 0 ) (512 -576 63 ) (0 -576 63 ) 
4 191 209 (1024 -1024 0 ) (1024 -1024 64 ) (0 -1024 64 ) (0 -1024 0 ) 
4 191 207 (0 -1024 0 ) (0 -1024 64 ) (0 -576 64 ) (0 -576 0 ) 
4 191 192 (0 -1024 0 ) (0 -576 0 ) (1024 -576 0 ) (1024 -1024 0 ) 
4 192 210 (1024 -1024 -144 ) (1024 -1024 0 ) (0 -1024 0 ) (0 -1024 -144 ) 
4 192 208 (0 -1024 -144 ) (0 -1024 0 ) (0 0 0 ) (0 0 -144 ) 
4 193 215 (-1024 -1024 448 ) (-1024 -1024 1424 ) (-1024 0 1424 ) (-1024 0 448 ) 
4 193 212 (0 -1024 448 ) (0 -1024 1424 ) (-1024 -1024 1424 ) (-1024 -1024 448 ) 
4 193 197 (-368 -576 448 ) (-1024 -576 448 ) (-1024 -384 448 ) (-368 -384 448 ) 
4 193 196 (-32 -384 448 ) (-1024 -384 448 ) (-1024 -96 448 ) (-32 -96 448 ) 
4 193 207 (0 -576 448 ) (0 -1024 448 ) (-1024 -1024 448 ) (-1024 -576 448 ) 
4 193 195 (-32 -96 448 ) (-1024 -96 448 ) (-1024 -32 448 ) (-32 -32 448 ) 
4 193 194 (-1024 0 448 ) (-99.200439 0 448 ) (-32 -32 448 ) (-1024 -32 448 ) 
4 194 218 (-1024 0 256 ) (-1024 0 64 ) (-1024 -32 64 ) (-1024 -32 256 ) 
4 194 216 (-1024 0 320 ) (-1024 0 256 ) (-1024 -32 256 ) (-1024 -32 320 ) 
4 194 215 (-1024 -32 448 ) (-1024 0 448 ) (-1024 0 320 ) (-1024 -32 320 ) 
4 194 195 (-1024 -32 64 ) (-32 -32 64 ) (-32 -32 448 ) (-1024 -32 448 ) 
4 195 218 (-1024 -32 256 ) (-1024 -32 64 ) (-1024 -96 64 ) (-1024 -96 256 ) 
4 195 216 (-1024 -32 320 ) (-1024 -32 256 ) (-1024 -96 256 ) (-1024 -96 320 ) 
4 195 215 (-1024 -96 448 ) (-1024 -32 448 ) (-1024 -32 320 ) (-1024 -96 320 ) 
4 195 204 (-1024 -96 384 ) (-1024 -96 64 ) (-368 -96 64 ) (-368 -96 384 ) 
4 195 202 (-361.769318 -96 64 ) (-64 -96 64 ) (-64 -96 384 ) (-361.769318 -96 384 ) 
4 195 201 (-368 -96 64 ) (-361.769318 -96 64 ) (-361.769318 -96 384 ) (-368 -96 384 ) 
4 195 199 (-64 -96 64 ) (-32 -96 64 ) (-32 -96 384 ) (-64 -96 384 ) 
4 195 196 (-32 -96 448 ) (-1024 -96 448 ) (-1024 -96 384 ) (-32 -96 384 ) 
4 196 215 (-1024 -384 448 ) (-1024 -96 448 ) (-1024 -96 384 ) (-1024 -384 384 ) 
4 196 204 (-1024 -384 384 ) (-1024 -96 384 ) (-368 -96 384 ) (-368 -384 384 ) 
4 196 203 (-64 -133.326279 384 ) (-64 -384 384 ) (-178.306519 -384 384 ) (-258.897003 -257.489014 384 ) 
4 196 202 (-361.769318 -96 384 ) (-64 -96 384 ) (-64 -123.840958 384 ) (-263.195007 -250.742004 384 ) 
4 196 201 (-368 -96 384 ) (-361.769318 -96 384 ) (-178.306519 -384 384 ) (-368 -384 384 ) 
4 196 200 (-32 -112.940094 384 ) (-32 -384 384 ) (-64 -384 384 ) (-64 -133.326294 384 ) 
4 196 199 (-64 -96 384 ) (-32 -96 384 ) (-32 -103.454735 384 ) (-64 -123.840942 384 ) 
4 196 197 (-1024 -384 384 ) (-368 -384 384 ) (-368 -384 448 ) (-1024 -384 448 ) 
4 197 215 (-1024 -576 448 ) (-1024 -384 448 ) (-1024 -384 384 ) (-1024 -576 384 ) 
4 197 206 (-368 -576 384 ) (-1024 -576 384 ) (-1024 -512 384 ) (-368 -512 384 ) 
4 197 204 (-1024 -512 384 ) (-1024 -384 384 ) (-368 -384 384 ) (-368 -512 384 ) 
4 197 207 (-368 -576 448 ) (-1024 -576 448 ) (-1024 -576 384 ) (-368 -576 384 ) 
4 198 200 (0 -127.864281 64 ) (0 -127.864288 384 ) (-16.001276 -102.747803 384 ) (-16.001274 -102.747810 64 ) 
4 199 202 (-64 -123.840958 64 ) (-64 -123.840942 384 ) (-64 -96 384 ) (-64 -96 64 ) 
4 200 203 (-64 -384 64 ) (-64 -384 384 ) (-64 -133.326294 384 ) (-64 -133.326279 64 ) 
4 201 204 (-368 -384 64 ) (-368 -384 384 ) (-368 -96 384 ) (-368 -96 64 ) 
4 201 203 (-178.308594 -384 384 ) (-178.308594 -384 64 ) (-258.898499 -257.489990 64 ) (-258.898499 -257.489960 384 ) 
4 201 202 (-263.196503 -250.742966 64 ) (-361.771484 -96 64 ) (-361.771484 -96 384 ) (-263.196503 -250.742966 384 ) 
4 204 218 (-1024 -96 256 ) (-1024 -96 64 ) (-1024 -512 64 ) (-1024 -512 256 ) 
4 204 216 (-1024 -96 320 ) (-1024 -96 256 ) (-1024 -512 256 ) (-1024 -512 320 ) 
4 204 215 (-1024 -96 384 ) (-1024 -96 320 ) (-1024 -512 320 ) (-1024 -512 384 ) 
4 204 206 (-368 -512 384 ) (-1024 -512 384 ) (-1024 -512 64 ) (-368 -512 64 ) 
4 205 208 (-368 -512 0 ) (0 -512 0 ) (0 -576 0 ) (-368 -576 0 ) 
4 205 206 (-368 -512 63 ) (-368 -512 0 ) (-368 -576 0 ) (-368 -576 63 ) 
4 205 207 (-368 -576 0 ) (0 -576 0 ) (0 -576 63 ) (-368 -576 63 ) 
4 206 221 (-1024 -512 0 ) (-1024 -576 0 ) (-1024 -576 64 ) (-1024 -512 64 ) 
4 206 218 (-1024 -576 64 ) (-1024 -576 256 ) (-1024 -512 256 ) (-1024 -512 64 ) 
4 206 216 (-1024 -576 256 ) (-1024 -576 320 ) (-1024 -512 320 ) (-1024 -512 256 ) 
4 206 215 (-1024 -576 320 ) (-1024 -576 384 ) (-1024 -512 384 ) (-1024 -512 320 ) 
4 206 208 (-1024 -576 0 ) (-1024 -512 0 ) (-368 -512 0 ) (-368 -576 0 ) 
4 206 207 (-1024 -576 0 ) (-368 -576 0 ) (-368 -576 384 ) (-1024 -576 384 ) 
4 207 221 (-1024 -1024 0 ) (-1024 -1024 64 ) (-1024 -576 64 ) (-1024 -576 0 ) 
4 207 218 (-1024 -1024 64 ) (-1024 -1024 256 ) (-1024 -576 256 ) (-1024 -576 64 ) 
4 207 216 (-1024 -1024 256 ) (-1024 -1024 320 ) (-1024 -576 320 ) (-1024 -576 256 ) 
4 207 215 (-1024 -1024 320 ) (-1024 -1024 448 ) (-1024 -576 448 ) (-1024 -576 320 ) 
4 207 212 (0 -1024 0 ) (0 -1024 448 ) (-1024 -1024 448 ) (-1024 -1024 0 ) 
4 207 208 (0 -1024 0 ) (-1024 -1024 0 ) (-1024 -576 0 ) (0 -576 0 ) 
4 208 225 (-1024 -1024 -144 ) (-1024 -1024 0 ) (-1024 0 0 ) (-1024 0 -144 ) 
4 208 213 (0 -1024 -144 ) (0 -1024 0 ) (-1024 -1024 0 ) (-1024 -1024 -144 ) 
4 209 231 (1024 -2048 0 ) (1024 -2048 1424 ) (0 -2048 1424 ) (0 -2048 0 ) 
4 209 212 (0 -1024 1424 ) (0 -1024 0 ) (0 -2048 0 ) (0 -2048 1424 ) 
4 209 211 (1024 -2048 0 ) (0 -2048 0 ) (0 -1920 0 ) (1024 -1920 0 ) 
4 209 210 (0 -1920 0 ) (0 -1024 0 ) (1024 -1024 0 ) (1024 -1920 0 ) 
4 210 213 (0 -1024 0 ) (0 -1024 -144 ) (0 -1920 -144 ) (0 -1920 0 ) 
4 210 211 (0 -1920 -144 ) (1024 -1920 -144 ) (1024 -1920 0 ) (0 -1920 0 ) 
4 211 231 (1024 -2048 -144 ) (1024 -2048 0 ) (0 -2048 0 ) (0 -2048 -144 ) 
4 211 214 (0 -1920 -144 ) (0 -2048 -144 ) (0 -2048 0 ) (0 -1920 0 ) 
4 212 232 (0 -2048 0 ) (0 -2048 1424 ) (-1024 -2048 1424 ) (-1024 -2048 0 ) 
4 212 227 (-1024 -2048 0 ) (-1024 -2048 1424 ) (-1024 -1024 1424 ) (-1024 -1024 0 ) 
4 212 214 (0 -1920 0 ) (0 -2048 0 ) (-1024 -2048 0 ) (-1024 -1920 0 ) 
4 212 213 (0 -1024 0 ) (0 -1920 0 ) (-1024 -1920 0 ) (-1024 -1024 0 ) 
4 213 228 (-1024 -1920 0 ) (-1024 -1024 0 ) (-1024 -1024 -144 ) (-1024 -1920 -144 ) 
4 213 214 (-1024 -1920 -144 ) (0 -1920 -144 ) (0 -1920 0 ) (-1024 -1920 0 ) 
4 214 232 (0 -2048 -144 ) (0 -2048 0 ) (-1024 -2048 0 ) (-1024 -2048 -144 ) 
4 214 229 (-1024 -2048 -144 ) (-1024 -2048 0 ) (-1024 -1920 0 ) (-1024 -1920 -144 ) 
4 215 227 (-1024 -1024 320 ) (-1024 -1024 1424 ) (-1778.979980 -1024 1424 ) (-1778.979980 -1024 320 ) 
4 215 222 (-1778.979980 0 1424 ) (-1778.979980 0 320 ) (-1778.979980 -320 320 ) (-1778.979980 -320 1424 ) 
4 215 223 (-1778.979980 -320 320 ) (-1778.979980 -1024 320 ) (-1778.979980 -1024 1424 ) (-1778.979980 -320 1424 ) 
4 215 217 (-1470.910034 -1024 320 ) (-1778.979980 -1024 320 ) (-1778.979980 -256 320 ) (-1470.910034 -256 320 ) 
4 215 216 (-1024 -1024 320 ) (-1470.910034 -1024 320 ) (-1470.910034 0 320 ) (-1024 0 320 ) 
4 216 227 (-1024 -1024 256 ) (-1024 -1024 320 ) (-1470.910034 -1024 320 ) (-1470.910034 -1024 256 ) 
4 216 218 (-1470.910034 0 256 ) (-1024 0 256 ) (-1024 -1024 256 ) (-1470.910034 -1024 256 ) 
4 216 217 (-1470.910034 -256 256 ) (-1470.910034 -1024 256 ) (-1470.910034 -1024 320 ) (-1470.910034 -256 320 ) 
4 217 227 (-1470.910034 -1024 320 ) (-1778.979980 -1024 320 ) (-1778.979980 -1024 256 ) (-1470.910034 -1024 256 ) 
4 217 222 (-1778.979980 -256 256 ) (-1778.979980 -320 256 ) (-1778.979980 -320 320 ) (-1778.979980 -256 320 ) 
4 217 223 (-1778.979980 -320 256 ) (-1778.979980 -1024 256 ) (-1778.979980 -1024 320 ) (-1778.979980 -320 320 ) 
4 217 220 (-1778.979980 -1024 256 ) (-1778.979980 -320 256 ) (-1470.910034 -320 256 ) (-1470.910034 -1024 256 ) 
4 218 227 (-1024 -1024 64 ) (-1024 -1024 256 ) (-1470.910034 -1024 256 ) (-1470.910034 -1024 64 ) 
4 218 221 (-1024 -1024 64 ) (-1470.910034 -1024 64 ) (-1470.910034 -512 64 ) (-1024 -512 64 ) 
4 218 219 (-1470.910034 0 64 ) (-1470.910034 -256 64 ) (-1470.910034 -256 256 ) (-1470.910034 0 256 ) 
4 218 220 (-1470.910034 -320 64 ) (-1470.910034 -1024 64 ) (-1470.910034 -1024 256 ) (-1470.910034 -320 256 ) 
4 220 227 (-1470.910034 -1024 256 ) (-1778.979980 -1024 256 ) (-1778.979980 -1024 64 ) (-1470.910034 -1024 64 ) 
4 220 223 (-1778.979980 -320 64 ) (-1778.979980 -1024 64 ) (-1778.979980 -1024 256 ) (-1778.979980 -320 256 ) 
4 220 221 (-1470.910034 -1024 64 ) (-1778.979980 -1024 64 ) (-1778.979980 -512 64 ) (-1470.910034 -512 64 ) 
4 221 227 (-1024 -1024 0 ) (-1024 -1024 64 ) (-1778.979980 -1024 64 ) (-1778.979980 -1024 0 ) 
4 221 225 (-1024 -512 0 ) (-1024 -1024 0 ) (-1778.979980 -1024 0 ) (-1778.979980 -512 0 ) 
4 221 223 (-1778.979980 -512 0 ) (-1778.979980 -1024 0 ) (-1778.979980 -1024 64 ) (-1778.979980 -512 64 ) 
4 222 224 (-1856 -320 256 ) (-1856 -320 1424 ) (-1856 0 1424 ) (-1856 0 256 ) 
4 222 223 (-1856 -320 1424 ) (-1856 -320 256 ) (-1778.979980 -320 256 ) (-1778.979980 -320 1424 ) 
4 223 227 (-1856 -1024 0 ) (-1778.979980 -1024 0 ) (-1778.979980 -1024 1424 ) (-1856 -1024 1424 ) 
4 223 225 (-1778.979980 -320 0 ) (-1778.979980 -1024 0 ) (-1856 -1024 0 ) (-1856 -320 0 ) 
4 223 224 (-1856 -320 0 ) (-1856 -1024 0 ) (-1856 -1024 1424 ) (-1856 -320 1424 ) 
4 224 227 (-1931.699951 -1024 0 ) (-1856 -1024 0 ) (-1856 -1024 1424 ) (-1931.699951 -1024 1424 ) 
4 224 226 (-1931.699951 0 0 ) (-1920 0 0 ) (-1920 -1024 0 ) (-1931.699951 -1024 0 ) 
4 224 225 (-1920 0 0 ) (-1856 0 0 ) (-1856 -1024 0 ) (-1920 -1024 0 ) 
4 225 228 (-1024 -1024 -144 ) (-1024 -1024 0 ) (-1920 -1024 0 ) (-1920 -1024 -144 ) 
4 225 226 (-1920 0 -144 ) (-1920 -1024 -144 ) (-1920 -1024 0 ) (-1920 0 0 ) 
4 226 230 (-1920 -1024 0 ) (-1931.699951 -1024 0 ) (-1931.699951 -1024 -144 ) (-1920 -1024 -144 ) 
4 227 233 (-1024 -2048 0 ) (-1024 -2048 1424 ) (-1931.699951 -2048 1424 ) (-1931.699951 -2048 0 ) 
4 227 230 (-1931.699951 -1024 0 ) (-1920 -1024 0 ) (-1920 -2048 0 ) (-1931.699951 -2048 0 ) 
4 227 229 (-1024 -1920 0 ) (-1024 -2048 0 ) (-1920 -2048 0 ) (-1920 -1920 0 ) 
4 227 228 (-1920 -1024 0 ) (-1024 -1024 0 ) (-1024 -1920 0 ) (-1920 -1920 0 ) 
4 228 230 (-1920 -1024 -144 ) (-1920 -1920 -144 ) (-1920 -1920 0 ) (-1920 -1024 0 ) 
4 228 229 (-1920 -1920 0 ) (-1920 -1920 -144 ) (-1024 -1920 -144 ) (-1024 -1920 0 ) 
4 229 233 (-1024 -2048 -144 ) (-1024 -2048 0 ) (-1920 -2048 0 ) (-1920 -2048 -144 ) 
4 229 230 (-1920 -1920 -144 ) (-1920 -2048 -144 ) (-1920 -2048 0 ) (-1920 -1920 0 ) 
4 230 233 (-1920 -2048 0 ) (-1931.699951 -2048 0 ) (-1931.699951 -2048 -144 ) (-1920 -2048 -144 ) 
4 231 232 (0 -2048 1424 ) (0 -2048 -144 ) (0 -2145.530029 -144 ) (0 -2145.530029 1424 ) 
4 232 233 (-1024 -2048 1424 ) (-1024 -2048 -144 ) (-1024 -2145.530029 -144 ) (-1024 -2145.530029 1424 ) 
