PRT1
235
744
4 1 11 (3072 1842.790039 0 ) (3072 1024 0 ) (3072 1024 1424 ) (3072 1842.790039 1424 ) 
4 1 5 (3350.270264 1024 1424 ) (3072 1024 1424 ) (3072 1024 0 ) (3350.270264 1024 0 ) 
4 1 4 (3200 1024 0 ) (3072 1024 0 ) (3072 1344 0 ) (3200 1344 0 ) 
4 1 3 (3072 1344 0 ) (3072 1842.790039 0 ) (3200 1842.790039 0 ) (3200 1344 0 ) 
4 1 2 (3350.270264 1024 0 ) (3200 1024 0 ) (3200 1842.790039 0 ) (3350.270264 1842.790039 0 ) 
4 2 6 (3350.270264 1024 0 ) (3200 1024 0 ) (3200 1024 -144 ) (3350.270264 1024 -144 ) 
4 2 4 (3200 1344 -144 ) (3200 1024 -144 ) (3200 1024 0 ) (3200 1344 0 ) 
4 2 3 (3200 1842.790039 0 ) (3200 1842.790039 -144 ) (3200 1344 -144 ) (3200 1344 0 ) 
4 3 12 (3072 1842.790039 -144 ) (3072 1344 -144 ) (3072 1344 0 ) (3072 1842.790039 0 ) 
4 3 4 (3072 1344 -144 ) (3200 1344 -144 ) (3200 1344 0 ) (3072 1344 0 ) 
4 4 13 (3072 1344 -144 ) (3072 1024 -144 ) (3072 1024 0 ) (3072 1344 0 ) 
4 4 7 (3200 1024 0 ) (3072 1024 0 ) (3072 1024 -144 ) (3200 1024 -144 ) 
4 5 18 (3072 0 160 ) (3072 0 1424 ) (3072 96 1424 ) (3072 96 160 ) 
4 5 19 (3072 0 0 ) (3072 0 64 ) (3072 96 64 ) (3072 96 0 ) 
4 5 17 (3072 96 1424 ) (3072 1024 1424 ) (3072 1024 0 ) (3072 96 0 ) 
4 5 8 (3072 0 1424 ) (3072 0 0 ) (3350.270264 0 0 ) (3350.270264 0 1424 ) 
4 5 6 (3350.270264 0 0 ) (3200 0 0 ) (3200 1024 0 ) (3350.270264 1024 0 ) 
4 5 7 (3200 0 0 ) (3072 0 0 ) (3072 1024 0 ) (3200 1024 0 ) 
4 6 9 (3200 0 -144 ) (3350.270264 0 -144 ) (3350.270264 0 0 ) (3200 0 0 ) 
4 6 7 (3200 1024 -144 ) (3200 0 -144 ) (3200 0 0 ) (3200 1024 0 ) 
4 7 20 (3072 0 -144 ) (3072 0 0 ) (3072 1024 0 ) (3072 1024 -144 ) 
4 7 10 (3072 0 0 ) (3072 0 -144 ) (3200 0 -144 ) (3200 0 0 ) 
4 8 103 (3350.270264 -1024 1424 ) (3072 -1024 1424 ) (3072 -1024 0 ) (3350.270264 -1024 0 ) 
4 8 80 (3072 -1024 0 ) (3072 -1024 64 ) (3072 0 64 ) (3072 0 0 ) 
4 8 77 (3072 -1024 160 ) (3072 -1024 384 ) (3072 -992 384 ) (3072 -992 160 ) 
4 8 73 (3072 -992 384 ) (3072 -480 384 ) (3072 -480 160 ) (3072 -992 160 ) 
4 8 70 (3072 -480 384 ) (3072 -416 384 ) (3072 -416 160 ) (3072 -480 160 ) 
4 8 69 (3072 -416 384 ) (3072 0 384 ) (3072 0 160 ) (3072 -416 160 ) 
4 8 68 (3072 -1024 384 ) (3072 -1024 1424 ) (3072 0 1424 ) (3072 0 384 ) 
4 8 9 (3350.270264 -1024 0 ) (3200 -1024 0 ) (3200 0 0 ) (3350.270264 0 0 ) 
4 8 10 (3200 -1024 0 ) (3072 -1024 0 ) (3072 0 0 ) (3200 0 0 ) 
4 9 104 (3350.270264 -1024 0 ) (3200 -1024 0 ) (3200 -1024 -144 ) (3350.270264 -1024 -144 ) 
4 9 10 (3200 0 -144 ) (3200 -1024 -144 ) (3200 -1024 0 ) (3200 0 0 ) 
4 10 105 (3200 -1024 0 ) (3072 -1024 0 ) (3072 -1024 -144 ) (3200 -1024 -144 ) 
4 10 81 (3072 -1024 -144 ) (3072 -1024 0 ) (3072 0 0 ) (3072 0 -144 ) 
4 11 17 (3072 1024 0 ) (3072 1024 1424 ) (2048 1024 1424 ) (2048 1024 0 ) 
4 11 14 (2048 1842.790039 0 ) (2048 1024 0 ) (2048 1024 1424 ) (2048 1842.790039 1424 ) 
4 11 12 (2048 1344 0 ) (2048 1842.790039 0 ) (3072 1842.790039 0 ) (3072 1344 0 ) 
4 11 13 (3072 1024 0 ) (2048 1024 0 ) (2048 1344 0 ) (3072 1344 0 ) 
4 12 15 (2048 1842.790039 -144 ) (2048 1344 -144 ) (2048 1344 0 ) (2048 1842.790039 0 ) 
4 12 13 (2048 1344 -144 ) (3072 1344 -144 ) (3072 1344 0 ) (2048 1344 0 ) 
4 13 20 (3072 1024 -144 ) (3072 1024 0 ) (2048 1024 0 ) (2048 1024 -144 ) 
4 13 16 (2048 1344 -144 ) (2048 1024 -144 ) (2048 1024 0 ) (2048 1344 0 ) 
4 14 125 (1024 1842.790039 0 ) (1024 1024 0 ) (1024 1024 1424 ) (1024 1842.790039 1424 ) 
4 14 66 (1856 1024 64 ) (1024 1024 64 ) (1024 1024 0 ) (1856 1024 0 ) 
4 14 65 (2048 1024 0 ) (2048 1024 64 ) (1856 1024 64 ) (1856 1024 0 ) 
4 14 22 (2048 1024 64 ) (2048 1024 448 ) (1024 1024 448 ) (1024 1024 64 ) 
4 14 21 (2048 1024 448 ) (2048 1024 1424 ) (1024 1024 1424 ) (1024 1024 448 ) 
4 14 15 (2048 1842.790039 0 ) (2048 1344 0 ) (1024 1344 0 ) (1024 1842.790039 0 ) 
4 14 16 (2048 1344 0 ) (2048 1024 0 ) (1024 1024 0 ) (1024 1344 0 ) 
4 15 126 (1024 1842.790039 -144 ) (1024 1344 -144 ) (1024 1344 0 ) (1024 1842.790039 0 ) 
4 15 16 (1024 1344 -144 ) (2048 1344 -144 ) (2048 1344 0 ) (1024 1344 0 ) 
4 16 127 (1024 1344 -144 ) (1024 1024 -144 ) (1024 1024 0 ) (1024 1344 0 ) 
4 16 67 (2048 1024 -144 ) (2048 1024 0 ) (1024 1024 0 ) (1024 1024 -144 ) 
4 17 65 (2048 1024 64 ) (2048 1024 0 ) (2048 96 0 ) (2048 96 64 ) 
4 17 32 (2048 480 256 ) (2048 480 64 ) (2048 96 64 ) (2048 96 256 ) 
4 17 25 (2048 96 1424 ) (2048 480 1424 ) (2048 480 256 ) (2048 96 256 ) 
4 17 23 (2048 544 64 ) (2048 480 64 ) (2048 480 448 ) (2048 544 448 ) 
4 17 22 (2048 1024 448 ) (2048 1024 64 ) (2048 544 64 ) (2048 544 448 ) 
4 17 21 (2048 480 1424 ) (2048 1024 1424 ) (2048 1024 448 ) (2048 480 448 ) 
4 17 20 (2048 96 0 ) (2048 1024 0 ) (3072 1024 0 ) (3072 96 0 ) 
4 17 18 (3072 96 160 ) (3072 96 1424 ) (2048 96 1424 ) (2048 96 160 ) 
4 17 19 (2048 96 0 ) (3072 96 0 ) (3072 96 64 ) (2048 96 64 ) 
4 18 69 (3072 0 160 ) (3072 0 384 ) (2048 0 384 ) (2048 0 160 ) 
4 18 68 (3072 0 384 ) (3072 0 1424 ) (2048 0 1424 ) (2048 0 384 ) 
4 18 55 (2048 0 160 ) (2048 0 256 ) (2048 96 256 ) (2048 96 160 ) 
4 18 52 (2048 0 256 ) (2048 0 1424 ) (2048 96 1424 ) (2048 96 256 ) 
4 19 80 (3072 0 0 ) (3072 0 64 ) (2048 0 64 ) (2048 0 0 ) 
4 19 65 (2048 0 0 ) (2048 0 64 ) (2048 96 64 ) (2048 96 0 ) 
4 19 20 (3072 0 0 ) (2048 0 0 ) (2048 96 0 ) (3072 96 0 ) 
4 20 81 (3072 0 -144 ) (3072 0 0 ) (2048 0 0 ) (2048 0 -144 ) 
4 20 67 (2048 0 -144 ) (2048 0 0 ) (2048 1024 0 ) (2048 1024 -144 ) 
4 21 131 (1024 1024 1424 ) (1024 1024 448 ) (1024 480 448 ) (1024 480 1424 ) 
4 21 29 (1264 480 448 ) (1312 480 448 ) (1312 480 1424 ) (1264 480 1424 ) 
4 21 28 (1312 480 448 ) (1440 480 448 ) (1440 480 1424 ) (1312 480 1424 ) 
4 21 31 (1024 480 1424 ) (1024 480 448 ) (1264 480 448 ) (1264 480 1424 ) 
4 21 26 (1440 480 448 ) (1664 480 448 ) (1664 480 1424 ) (1440 480 1424 ) 
4 21 25 (1664 480 448 ) (2048 480 448 ) (2048 480 1424 ) (1664 480 1424 ) 
4 21 23 (2048 480 448 ) (1744 480 448 ) (1744 544 448 ) (2048 544 448 ) 
4 21 22 (1024 544 448 ) (1024 1024 448 ) (2048 1024 448 ) (2048 544 448 ) 
4 22 132 (1024 1024 448 ) (1024 1024 64 ) (1024 544 64 ) (1024 544 448 ) 
4 22 66 (1024 640 64 ) (1024 1024 64 ) (1856 1024 64 ) (1856 640 64 ) 
4 22 65 (1856 1024 64 ) (2048 1024 64 ) (2048 544 64 ) (1856 544 64 ) 
4 22 24 (1344 544 160 ) (1344 544 320 ) (1264 544 320 ) (1264 544 160 ) 
4 22 23 (1744 544 64 ) (2048 544 64 ) (2048 544 448 ) (1744 544 448 ) 
4 23 65 (1856 544 64 ) (2048 544 64 ) (2048 480 64 ) (1856 480 64 ) 
4 23 32 (1744 480 64 ) (2048 480 64 ) (2048 480 256 ) (1744 480 256 ) 
4 23 25 (2048 480 256 ) (2048 480 448 ) (1744 480 448 ) (1744 480 256 ) 
4 24 35 (1312 480 256 ) (1264 480 256 ) (1264 480 160 ) (1312 480 160 ) 
4 24 34 (1344 480 160 ) (1344 480 256 ) (1312 480 256 ) (1312 480 160 ) 
4 24 30 (1312 480 320 ) (1264 480 320 ) (1264 480 256 ) (1312 480 256 ) 
4 24 28 (1344 480 256 ) (1344 480 320 ) (1312 480 320 ) (1312 480 256 ) 
4 25 52 (2048 96 256 ) (2048 96 1424 ) (1664 96 1424 ) (1664 96 256 ) 
4 25 32 (2048 96 256 ) (1664 96 256 ) (1664 480 256 ) (2048 480 256 ) 
4 25 27 (1664 96 512 ) (1664 96 1424 ) (1664 352 1424 ) (1664 352 512 ) 
4 25 26 (1664 480 256 ) (1664 352 256 ) (1664 352 1424 ) (1664 480 1424 ) 
4 26 32 (1632 480 256 ) (1664 480 256 ) (1664 352 256 ) (1632 352 256 ) 
4 26 28 (1440 480 256 ) (1440 352 256 ) (1440 352 1424 ) (1440 480 1424 ) 
4 26 27 (1440 352 1424 ) (1440 352 512 ) (1664 352 512 ) (1664 352 1424 ) 
4 27 53 (1664 96 1424 ) (1440 96 1424 ) (1440 96 512 ) (1664 96 512 ) 
4 27 28 (1440 96 512 ) (1440 96 1424 ) (1440 352 1424 ) (1440 352 512 ) 
4 28 57 (1440 96 1424 ) (1376 96 1424 ) (1376 96 416 ) (1440 96 416 ) 
4 28 59 (1376 96 1424 ) (1312 96 1424 ) (1312 96 256 ) (1376 96 256 ) 
4 28 37 (1408 96 256 ) (1312 96 256 ) (1312 464 256 ) (1408 464 256 ) 
4 28 34 (1312 464 256 ) (1312 480 256 ) (1408 480 256 ) (1408 464 256 ) 
4 28 29 (1312 96 368 ) (1312 96 1424 ) (1312 480 1424 ) (1312 480 368 ) 
4 28 30 (1312 480 256 ) (1312 96 256 ) (1312 96 320 ) (1312 480 320 ) 
4 29 60 (1312 96 1424 ) (1264 96 1424 ) (1264 96 368 ) (1312 96 368 ) 
4 29 31 (1264 96 368 ) (1264 96 1424 ) (1264 480 1424 ) (1264 480 368 ) 
4 30 62 (1264 96 320 ) (1264 96 256 ) (1312 96 256 ) (1312 96 320 ) 
4 30 37 (1312 96 256 ) (1264 96 256 ) (1264 464 256 ) (1312 464 256 ) 
4 30 35 (1264 464 256 ) (1264 480 256 ) (1312 480 256 ) (1312 464 256 ) 
4 30 31 (1264 480 256 ) (1264 96 256 ) (1264 96 320 ) (1264 480 320 ) 
4 31 138 (1024 128 256 ) (1024 96 256 ) (1024 96 448 ) (1024 128 448 ) 
4 31 133 (1024 480 448 ) (1024 480 256 ) (1024 128 256 ) (1024 128 448 ) 
4 31 131 (1024 480 1424 ) (1024 480 448 ) (1024 96 448 ) (1024 96 1424 ) 
4 31 64 (1024 96 320 ) (1024 96 256 ) (1264 96 256 ) (1264 96 320 ) 
4 31 61 (1024 96 368 ) (1024 96 320 ) (1264 96 320 ) (1264 96 368 ) 
4 31 60 (1264 96 1424 ) (1024 96 1424 ) (1024 96 368 ) (1264 96 368 ) 
4 31 51 (1255 96 256 ) (1024 96 256 ) (1024 128 256 ) (1255 128 256 ) 
4 31 50 (1024 128 256 ) (1024 464 256 ) (1255 464 256 ) (1255 128 256 ) 
4 31 37 (1264 96 256 ) (1255 96 256 ) (1255 464 256 ) (1264 464 256 ) 
4 31 35 (1056 480 256 ) (1264 480 256 ) (1264 464 256 ) (1056 464 256 ) 
4 31 36 (1024 464 256 ) (1024 480 256 ) (1056 480 256 ) (1056 464 256 ) 
4 32 65 (1856 480 64 ) (2048 480 64 ) (2048 96 64 ) (1856 96 64 ) 
4 32 55 (2048 96 160 ) (2048 96 256 ) (1664 96 256 ) (1664 96 160 ) 
4 33 38 (1408 448 160 ) (1408 448 64 ) (1408 128 64 ) (1408 128 160 ) 
4 33 37 (1408 128 217.600021 ) (1408 448 217.600021 ) (1408 448 160 ) (1408 128 160 ) 
4 34 38 (1312 464 64 ) (1408 464 64 ) (1408 464 160 ) (1312 464 160 ) 
4 34 37 (1408 464 160 ) (1408 464 256 ) (1312 464 256 ) (1312 464 160 ) 
4 34 35 (1312 464 112 ) (1312 464 256 ) (1312 480 256 ) (1312 480 112 ) 
4 35 50 (1255 464 256 ) (1056 464 256 ) (1056 464 112 ) (1255 464 112 ) 
4 35 38 (1312 464 112 ) (1312 464 160 ) (1255 464 160 ) (1255 464 112 ) 
4 35 37 (1312 464 160 ) (1312 464 256 ) (1255 464 256 ) (1255 464 160 ) 
4 35 36 (1056 464 112 ) (1056 464 256 ) (1056 480 256 ) (1056 480 112 ) 
4 36 135 (1024 480 224 ) (1024 480 64 ) (1024 464 64 ) (1024 464 224 ) 
4 36 133 (1024 480 256 ) (1024 480 224 ) (1024 464 224 ) (1024 464 256 ) 
4 36 50 (1024 464 64 ) (1056 464 64 ) (1056 464 256 ) (1024 464 256 ) 
4 37 62 (1312 96 256 ) (1264 96 256 ) (1264 96 160 ) (1312 96 160 ) 
4 37 64 (1264 96 256 ) (1255 96 256 ) (1255 96 160 ) (1264 96 160 ) 
4 37 59 (1376 96 256 ) (1312 96 256 ) (1312 96 160 ) (1376 96 160 ) 
4 37 51 (1255 128 160 ) (1255 96 160 ) (1255 96 256 ) (1255 128 256 ) 
4 37 50 (1255 464 256 ) (1255 464 160 ) (1255 128 160 ) (1255 128 256 ) 
3 37 49 (1308.014160 157.997665 160 ) (1313.090942 157.151535 160 ) (1318.500000 152 160 ) 
3 37 48 (1329 142 160 ) (1334.240845 137.008759 160 ) (1336.486816 130.021194 160 ) 
3 37 47 (1313.090942 157.151535 160 ) (1328.597046 154.567184 160 ) (1334.240845 137.008759 160 ) 
3 37 46 (1296 160 160 ) (1325.282104 164.880341 160 ) (1328.597046 154.567184 160 ) 
3 37 45 (1284 158 160 ) (1320.739136 179.013794 160 ) (1325.282104 164.880341 160 ) 
3 37 44 (1273.484863 151.985550 160 ) (1316.315430 192.776566 160 ) (1320.739136 179.013794 160 ) 
3 37 43 (1263 142 160 ) (1308.986328 215.578156 160 ) (1316.315430 192.776566 160 ) 
3 37 42 (1255.499878 130 160 ) (1295.965088 256.088745 160 ) (1308.986328 215.578156 160 ) 
3 37 41 (1255 128.442047 160 ) (1255 383.535370 160 ) (1295.965088 256.088745 160 ) 
3 37 40 (1344 100 160 ) (1344.750122 96 160 ) (1343.619995 96 160 ) 
3 37 39 (1341.009155 115.951691 160 ) (1347.422241 96 160 ) (1344.750122 96 160 ) 
5 37 38 (1255 383.535370 160 ) (1255 464 160 ) (1408 464 160 ) (1408 96 160 ) (1347.422241 96 160 ) 
4 38 50 (1255 464 160 ) (1255 464 64 ) (1255 383.555725 64 ) (1255 383.535370 160 ) 
4 38 48 (1336.483765 130.026382 160 ) (1334.238770 137.010727 160 ) (1334.248047 137.001938 64 ) (1336.497070 130.004822 64 ) 
4 38 47 (1334.238770 137.010727 160 ) (1328.595581 154.567429 160 ) (1328.602295 154.566269 64 ) (1334.248047 137.001938 64 ) 
4 38 46 (1328.595581 154.567429 160 ) (1325.280762 164.880127 160 ) (1325.286865 164.881134 64 ) (1328.602295 154.566269 64 ) 
4 38 45 (1325.280762 164.880127 160 ) (1320.738037 179.013123 160 ) (1320.743408 179.016235 64 ) (1325.286865 164.881134 64 ) 
4 38 44 (1320.738037 179.013123 160 ) (1316.314331 192.775574 160 ) (1316.319214 192.780243 64 ) (1320.743408 179.016235 64 ) 
4 38 43 (1316.314331 192.775574 160 ) (1308.985474 215.576569 160 ) (1308.989624 215.583435 64 ) (1316.319214 192.780243 64 ) 
4 38 42 (1308.985474 215.576569 160 ) (1295.964355 256.086700 160 ) (1295.967529 256.096649 64 ) (1308.989624 215.583435 64 ) 
4 38 41 (1295.964355 256.086700 160 ) (1255 383.531250 160 ) (1255 383.551239 64 ) (1295.967529 256.096649 64 ) 
4 38 39 (1347.427246 96 64 ) (1347.420776 96 160 ) (1341.010986 115.941536 160 ) (1341.001953 115.989716 64 ) 
4 39 40 (1344 99.998032 64 ) (1344.749512 96 64 ) (1344.749512 96 160 ) (1344 99.998062 160 ) 
4 41 50 (1255 383.555725 64 ) (1255 128.442047 64 ) (1255 128.442047 160 ) (1255 383.535370 160 ) 
4 41 42 (1295.968994 256.099060 64 ) (1295.965820 256.089050 160 ) (1255.501465 130.002136 160 ) (1255.501465 130.002136 64 ) 
4 42 43 (1263.005859 142.005493 64 ) (1308.991333 215.582855 64 ) (1308.987061 215.576065 160 ) (1263.005737 142.005447 160 ) 
4 43 44 (1273.485229 151.985779 64 ) (1316.320313 192.781250 64 ) (1316.315430 192.776566 160 ) (1273.485229 151.985764 160 ) 
4 44 45 (1284 158 64 ) (1320.744507 179.016953 64 ) (1320.739136 179.013840 160 ) (1284 158 160 ) 
4 45 46 (1296.001465 160 64 ) (1325.288330 164.880905 64 ) (1325.282227 164.879883 160 ) (1296.001465 160 160 ) 
4 46 49 (1308 158 64 ) (1313.090698 157.151733 64 ) (1313.090698 157.151718 160 ) (1308.013794 157.997879 160 ) 
4 46 47 (1313.090698 157.151733 64 ) (1328.603882 154.566208 64 ) (1328.597046 154.567337 160 ) (1313.090698 157.151718 160 ) 
4 47 49 (1313.091797 157.150391 160 ) (1313.091797 157.150391 64 ) (1318.514282 151.986084 64 ) (1318.499146 152 160 ) 
4 47 48 (1329 141.998611 64 ) (1334.250366 137 64 ) (1334.241089 137.007980 160 ) (1329 141.998611 160 ) 
4 50 137 (1024 403.878967 64 ) (1024 349.766541 64 ) (1024 349.766479 224 ) (1024 403.877380 224 ) 
4 50 135 (1024 464 64 ) (1024 403.878967 64 ) (1024 403.877380 224 ) (1024 464 224 ) 
4 50 134 (1024 349.766541 64 ) (1024 128 64 ) (1024 128 224 ) (1024 349.766479 224 ) 
4 50 133 (1024 128 224 ) (1024 128 256 ) (1024 464 256 ) (1024 464 224 ) 
4 50 51 (1255 128 159.760010 ) (1255 128 256 ) (1024 128 256 ) (1024 128 104.319992 ) 
4 51 138 (1024 96 104.319992 ) (1024 96 256 ) (1024 128 256 ) (1024 128 104.319992 ) 
4 51 64 (1255 96 160 ) (1255 96 256 ) (1024 96 256 ) (1024 96 160 ) 
4 52 83 (2048 0 256 ) (2048 0 368 ) (1664 0 368 ) (1664 0 256 ) 
4 52 82 (2048 0 368 ) (2048 0 1424 ) (1664 0 1424 ) (1664 0 368 ) 
4 52 55 (1664 96 256 ) (2048 96 256 ) (2048 0 256 ) (1664 0 256 ) 
4 52 53 (1664 64 512 ) (1664 64 1424 ) (1664 96 1424 ) (1664 96 512 ) 
4 52 54 (1664 64 256 ) (1664 0 256 ) (1664 0 1424 ) (1664 64 1424 ) 
4 53 57 (1440 96 1424 ) (1440 96 512 ) (1440 64 512 ) (1440 64 1424 ) 
4 53 54 (1664 64 512 ) (1664 64 1424 ) (1440 64 1424 ) (1440 64 512 ) 
4 54 83 (1440 0 368 ) (1440 0 256 ) (1664 0 256 ) (1664 0 368 ) 
4 54 82 (1664 0 1424 ) (1440 0 1424 ) (1440 0 368 ) (1664 0 368 ) 
4 54 57 (1440 48 416 ) (1440 48 1424 ) (1440 64 1424 ) (1440 64 416 ) 
4 54 58 (1440 48 256 ) (1440 0 256 ) (1440 0 1424 ) (1440 48 1424 ) 
4 54 56 (1440 0 256 ) (1440 64 256 ) (1664 64 256 ) (1664 0 256 ) 
4 55 83 (1664 0 160 ) (2048 0 160 ) (2048 0 256 ) (1664 0 256 ) 
4 55 56 (1664 64 160 ) (1664 0 160 ) (1664 0 256 ) (1664 64 256 ) 
4 56 83 (1440 0 160 ) (1664 0 160 ) (1664 0 256 ) (1440 0 256 ) 
4 56 58 (1440 48 160 ) (1440 0 160 ) (1440 0 256 ) (1440 48 256 ) 
4 57 58 (1376 48 1424 ) (1376 48 416 ) (1440 48 416 ) (1440 48 1424 ) 
4 57 59 (1376 48 416 ) (1376 48 1424 ) (1376 96 1424 ) (1376 96 416 ) 
4 58 83 (1376 0 160 ) (1440 0 160 ) (1440 0 368 ) (1376 0 368 ) 
4 58 82 (1440 0 368 ) (1440 0 1424 ) (1376 0 1424 ) (1376 0 368 ) 
4 58 59 (1376 48 160 ) (1376 0 160 ) (1376 0 1424 ) (1376 48 1424 ) 
4 59 83 (1312 0 160 ) (1376 0 160 ) (1376 0 368 ) (1312 0 368 ) 
4 59 82 (1376 0 368 ) (1376 0 1424 ) (1312 0 1424 ) (1312 0 368 ) 
4 59 62 (1312 96 320 ) (1312 96 160 ) (1312 64 160 ) (1312 64 320 ) 
4 59 63 (1312 16 160 ) (1312 0 160 ) (1312 0 320 ) (1312 16 320 ) 
4 59 60 (1312 96 1424 ) (1312 96 368 ) (1312 0 368 ) (1312 0 1424 ) 
4 60 140 (1024 0 368 ) (1024 0 448 ) (1024 96 448 ) (1024 96 368 ) 
4 60 131 (1024 0 448 ) (1024 0 1424 ) (1024 96 1424 ) (1024 96 448 ) 
4 60 82 (1024 0 1424 ) (1024 0 368 ) (1312 0 368 ) (1312 0 1424 ) 
4 60 61 (1024 96 368 ) (1264 96 368 ) (1264 0 368 ) (1024 0 368 ) 
4 61 140 (1024 0 320 ) (1024 0 368 ) (1024 96 368 ) (1024 96 320 ) 
4 61 86 (1248 0 320 ) (1256 0 320 ) (1256 0 368 ) (1248 0 368 ) 
4 61 85 (1256 0 320 ) (1264 0 320 ) (1264 0 368 ) (1256 0 368 ) 
4 61 88 (1024 0 368 ) (1024 0 320 ) (1248 0 320 ) (1248 0 368 ) 
4 61 64 (1024 0 320 ) (1024 96 320 ) (1264 96 320 ) (1264 0 320 ) 
4 62 64 (1264 96 160 ) (1264 64 160 ) (1264 64 320 ) (1264 96 320 ) 
4 63 84 (1264 0 160 ) (1312 0 160 ) (1312 0 320 ) (1264 0 320 ) 
4 63 64 (1264 16 160 ) (1264 0 160 ) (1264 0 320 ) (1264 16 320 ) 
4 64 140 (1024 0 160 ) (1024 0 320 ) (1024 96 320 ) (1024 96 160 ) 
4 64 86 (1248 0 160 ) (1256 0 160 ) (1256 0 320 ) (1248 0 320 ) 
4 64 85 (1256 0 160 ) (1264 0 160 ) (1264 0 320 ) (1256 0 320 ) 
4 64 88 (1024 0 320 ) (1024 0 160 ) (1248 0 160 ) (1248 0 320 ) 
4 65 100 (1856 0 0 ) (2048 0 0 ) (2048 0 64 ) (1856 0 64 ) 
4 65 67 (1856 1024 0 ) (2048 1024 0 ) (2048 0 0 ) (1856 0 0 ) 
4 65 66 (1856 1024 0 ) (1856 640 0 ) (1856 640 64 ) (1856 1024 64 ) 
4 66 146 (1024 640 64 ) (1024 1024 64 ) (1024 1024 0 ) (1024 640 0 ) 
4 66 67 (1024 1024 0 ) (1856 1024 0 ) (1856 640 0 ) (1024 640 0 ) 
4 67 147 (1024 0 -144 ) (1024 0 0 ) (1024 1024 0 ) (1024 1024 -144 ) 
4 67 102 (1024 0 0 ) (1024 0 -144 ) (2048 0 -144 ) (2048 0 0 ) 
4 68 108 (3072 -1024 384 ) (3072 -1024 1424 ) (2048 -1024 1424 ) (2048 -1024 384 ) 
4 68 92 (2048 -848 384 ) (2048 -1024 384 ) (2048 -1024 512 ) (2048 -848 512 ) 
4 68 90 (2048 -64 384 ) (2048 -848 384 ) (2048 -848 512 ) (2048 -64 512 ) 
4 68 89 (2048 -1024 512 ) (2048 -1024 1424 ) (2048 -64 1424 ) (2048 -64 512 ) 
4 68 82 (2048 0 1424 ) (2048 0 384 ) (2048 -64 384 ) (2048 -64 1424 ) 
4 68 79 (2176 -1024 384 ) (2048 -1024 384 ) (2048 -992 384 ) (2176 -992 384 ) 
4 68 77 (3072 -1024 384 ) (2560 -1024 384 ) (2560 -992 384 ) (3072 -992 384 ) 
4 68 78 (2496 -1024 384 ) (2240 -1024 384 ) (2240 -992 384 ) (2496 -992 384 ) 
4 68 74 (2176 -480 384 ) (2560 -480 384 ) (2560 -992 384 ) (2176 -992 384 ) 
4 68 73 (2560 -480 384 ) (3072 -480 384 ) (3072 -992 384 ) (2560 -992 384 ) 
4 68 76 (2048 -992 384 ) (2048 -480 384 ) (2176 -480 384 ) (2176 -992 384 ) 
4 68 72 (2048 -480 384 ) (2048 -416 384 ) (2176 -416 384 ) (2176 -480 384 ) 
4 68 70 (2560 -416 384 ) (3072 -416 384 ) (3072 -480 384 ) (2560 -480 384 ) 
4 68 71 (2240 -416 384 ) (2496 -416 384 ) (2496 -480 384 ) (2240 -480 384 ) 
4 68 69 (2048 -416 384 ) (2048 0 384 ) (3072 0 384 ) (3072 -416 384 ) 
4 69 94 (2048 -64 160 ) (2048 -416 160 ) (2048 -416 320 ) (2048 -64 320 ) 
4 69 90 (2048 -416 320 ) (2048 -416 384 ) (2048 -64 384 ) (2048 -64 320 ) 
4 69 83 (2048 0 368 ) (2048 0 160 ) (2048 -64 160 ) (2048 -64 368 ) 
4 69 82 (2048 0 384 ) (2048 0 368 ) (2048 -64 368 ) (2048 -64 384 ) 
4 69 72 (2048 -416 160 ) (2176 -416 160 ) (2176 -416 384 ) (2048 -416 384 ) 
4 69 70 (2560 -416 160 ) (3072 -416 160 ) (3072 -416 384 ) (2560 -416 384 ) 
4 69 71 (2240 -416 160 ) (2496 -416 160 ) (2496 -416 384 ) (2240 -416 384 ) 
4 70 73 (2560 -480 160 ) (3072 -480 160 ) (3072 -480 384 ) (2560 -480 384 ) 
4 71 74 (2496 -480 352 ) (2496 -480 384 ) (2240 -480 384 ) (2240 -480 352 ) 
4 71 75 (2240 -480 160 ) (2496 -480 160 ) (2496 -480 320 ) (2240 -480 320 ) 
4 72 94 (2048 -416 160 ) (2048 -480 160 ) (2048 -480 320 ) (2048 -416 320 ) 
4 72 90 (2048 -480 320 ) (2048 -480 384 ) (2048 -416 384 ) (2048 -416 320 ) 
4 72 76 (2048 -480 160 ) (2176 -480 160 ) (2176 -480 384 ) (2048 -480 384 ) 
4 73 77 (2560 -992 160 ) (3072 -992 160 ) (3072 -992 384 ) (2560 -992 384 ) 
4 73 74 (2560 -480 384 ) (2560 -480 352 ) (2560 -992 352 ) (2560 -992 384 ) 
4 73 75 (2560 -480 320 ) (2560 -480 160 ) (2560 -992 160 ) (2560 -992 320 ) 
4 74 78 (2496 -992 384 ) (2240 -992 384 ) (2240 -992 352 ) (2496 -992 352 ) 
4 74 76 (2176 -480 384 ) (2176 -480 352 ) (2176 -992 352 ) (2176 -992 384 ) 
4 75 78 (2240 -992 160 ) (2496 -992 160 ) (2496 -992 320 ) (2240 -992 320 ) 
4 75 76 (2176 -480 320 ) (2176 -480 160 ) (2176 -992 160 ) (2176 -992 320 ) 
4 76 94 (2048 -480 160 ) (2048 -992 160 ) (2048 -992 320 ) (2048 -480 320 ) 
4 76 92 (2048 -992 320 ) (2048 -992 384 ) (2048 -848 384 ) (2048 -848 320 ) 
4 76 90 (2048 -848 384 ) (2048 -480 384 ) (2048 -480 320 ) (2048 -848 320 ) 
4 76 79 (2048 -992 160 ) (2176 -992 160 ) (2176 -992 384 ) (2048 -992 384 ) 
4 77 109 (3072 -1024 160 ) (3072 -1024 384 ) (2560 -1024 384 ) (2560 -1024 160 ) 
4 78 110 (2496 -1024 384 ) (2240 -1024 384 ) (2240 -1024 160 ) (2496 -1024 160 ) 
4 79 111 (2176 -1024 384 ) (2048 -1024 384 ) (2048 -1024 160 ) (2176 -1024 160 ) 
4 79 94 (2048 -992 160 ) (2048 -1024 160 ) (2048 -1024 320 ) (2048 -992 320 ) 
4 79 92 (2048 -1024 320 ) (2048 -1024 384 ) (2048 -992 384 ) (2048 -992 320 ) 
4 80 113 (3072 -1024 0 ) (3072 -1024 64 ) (2048 -1024 64 ) (2048 -1024 0 ) 
4 80 100 (2048 0 64 ) (2048 0 0 ) (2048 -1024 0 ) (2048 -1024 64 ) 
4 80 81 (3072 -1024 0 ) (2048 -1024 0 ) (2048 0 0 ) (3072 0 0 ) 
4 81 115 (3072 -1024 -144 ) (3072 -1024 0 ) (2048 -1024 0 ) (2048 -1024 -144 ) 
4 81 102 (2048 0 0 ) (2048 0 -144 ) (2048 -1024 -144 ) (2048 -1024 0 ) 
4 82 155 (1024 0 1424 ) (1024 0 368 ) (1024 -64 368 ) (1024 -64 1424 ) 
4 82 91 (1264 -64 368 ) (1312 -64 368 ) (1312 -64 512 ) (1264 -64 512 ) 
4 82 90 (1312 -64 368 ) (2048 -64 368 ) (2048 -64 512 ) (1312 -64 512 ) 
4 82 89 (1024 -64 1424 ) (1024 -64 512 ) (2048 -64 512 ) (2048 -64 1424 ) 
4 82 87 (1256 -64 368 ) (1248 -64 368 ) (1248 -40 368 ) (1256 -40 368 ) 
4 82 86 (1248 -40 368 ) (1248 0 368 ) (1256 0 368 ) (1256 -40 368 ) 
4 82 85 (1264 -64 368 ) (1256 -64 368 ) (1256 0 368 ) (1264 0 368 ) 
4 82 88 (1248 -64 368 ) (1024 -64 368 ) (1024 0 368 ) (1248 0 368 ) 
4 82 83 (2048 -64 368 ) (1312 -64 368 ) (1312 0 368 ) (2048 0 368 ) 
4 83 97 (1312 -64 160 ) (1344 -64 160 ) (1344 -64 320 ) (1312 -64 320 ) 
4 83 95 (1344 -64 160 ) (1536 -64 160 ) (1536 -64 320 ) (1344 -64 320 ) 
4 83 94 (1536 -64 160 ) (2048 -64 160 ) (2048 -64 320 ) (1536 -64 320 ) 
4 83 90 (2048 -64 320 ) (2048 -64 368 ) (1312 -64 368 ) (1312 -64 320 ) 
4 83 84 (1312 0 160 ) (1312 -64 160 ) (1312 -64 320 ) (1312 0 320 ) 
4 84 97 (1264 -64 160 ) (1312 -64 160 ) (1312 -64 320 ) (1264 -64 320 ) 
4 84 85 (1264 0 160 ) (1264 -64 160 ) (1264 -64 320 ) (1264 0 320 ) 
4 85 87 (1256 -64 328 ) (1256 -64 368 ) (1256 -40 368 ) (1256 -40 328 ) 
4 85 86 (1256 0 160 ) (1256 -40 160 ) (1256 -40 368 ) (1256 0 368 ) 
4 86 87 (1248 -40 368 ) (1248 -40 328 ) (1256 -40 328 ) (1256 -40 368 ) 
4 86 88 (1248 0 160 ) (1248 -40 160 ) (1248 -40 368 ) (1248 0 368 ) 
4 87 88 (1248 -64 328 ) (1248 -64 368 ) (1248 -40 368 ) (1248 -40 328 ) 
4 88 155 (1024 0 368 ) (1024 0 160 ) (1024 -64 160 ) (1024 -64 368 ) 
4 89 160 (1024 -1024 512 ) (1024 -1024 1424 ) (1024 -64 1424 ) (1024 -64 512 ) 
4 89 117 (2048 -1024 512 ) (2048 -1024 1424 ) (1536 -1024 1424 ) (1536 -1024 512 ) 
4 89 120 (1536 -1024 1424 ) (1024 -1024 1424 ) (1024 -1024 512 ) (1536 -1024 512 ) 
4 89 93 (1024 -1024 512 ) (1024 -320 512 ) (1344 -320 512 ) (1344 -1024 512 ) 
4 89 92 (1344 -144 512 ) (2048 -848 512 ) (2048 -1024 512 ) (1344 -1024 512 ) 
3 89 91 (1264 -64 512 ) (1312 -64 512 ) (1312 -112 512 ) 
4 89 90 (1312 -64 512 ) (2048 -64 512 ) (2048 -848 512 ) (1312 -112 512 ) 
4 90 97 (1312 -64 320 ) (1344 -64 320 ) (1344 -144 320 ) (1312 -112 320 ) 
5 90 95 (1344 -64 320 ) (1536 -64 320 ) (1536 -320 320 ) (1520 -320 320 ) (1344 -144 320 ) 
3 90 96 (1536 -320 320 ) (1536 -336 320 ) (1520 -320 320 ) 
4 90 94 (1536 -64 320 ) (2048 -64 320 ) (2048 -848 320 ) (1536 -336 320 ) 
4 90 92 (1344 -144 320 ) (2048 -848 320 ) (2048 -848 512 ) (1344 -144 512 ) 
4 90 91 (1312 -112 368 ) (1312 -112 512 ) (1312 -64 512 ) (1312 -64 368 ) 
4 92 117 (2048 -1024 320 ) (2048 -1024 512 ) (1536 -1024 512 ) (1536 -1024 320 ) 
4 92 120 (1536 -1024 512 ) (1344 -1024 512 ) (1344 -1024 320 ) (1536 -1024 320 ) 
3 92 95 (1344 -320 320 ) (1344 -144 320 ) (1520 -320 320 ) 
5 92 96 (1536 -1024 320 ) (1344 -1024 320 ) (1344 -320 320 ) (1520 -320 320 ) (1536 -336 320 ) 
4 92 94 (2048 -1024 320 ) (1536 -1024 320 ) (1536 -336 320 ) (2048 -848 320 ) 
4 92 93 (1344 -320 320 ) (1344 -1024 320 ) (1344 -1024 512 ) (1344 -320 512 ) 
4 93 161 (1024 -1024 320 ) (1024 -1024 512 ) (1024 -320 512 ) (1024 -320 320 ) 
4 93 120 (1344 -1024 512 ) (1024 -1024 512 ) (1024 -1024 320 ) (1344 -1024 320 ) 
4 93 99 (1344 -1024 320 ) (1024 -1024 320 ) (1024 -320 320 ) (1344 -320 320 ) 
4 94 117 (2048 -1024 160 ) (2048 -1024 320 ) (1536 -1024 320 ) (1536 -1024 160 ) 
4 94 95 (1536 -320 320 ) (1536 -64 320 ) (1536 -64 160 ) (1536 -320 160 ) 
4 94 96 (1536 -1024 320 ) (1536 -320 320 ) (1536 -320 160 ) (1536 -1024 160 ) 
4 95 97 (1344 -144 320 ) (1344 -64 320 ) (1344 -64 160 ) (1344 -144 160 ) 
4 95 96 (1344 -320 320 ) (1344 -320 160 ) (1536 -320 160 ) (1536 -320 320 ) 
4 96 120 (1536 -1024 320 ) (1344 -1024 320 ) (1344 -1024 64 ) (1536 -1024 64 ) 
4 96 101 (1536 -1024 64 ) (1344 -1024 64 ) (1344 -512 64 ) (1536 -512 64 ) 
4 96 99 (1344 -1024 320 ) (1344 -320 320 ) (1344 -320 64 ) (1344 -1024 64 ) 
4 98 163 (1024 -320 320 ) (1024 -64 320 ) (1024 -64 160 ) (1024 -320 160 ) 
4 98 99 (1152 -320 160 ) (1152 -320 320 ) (1024 -320 320 ) (1024 -320 160 ) 
4 99 162 (1024 -1024 64 ) (1024 -1024 320 ) (1024 -320 320 ) (1024 -320 64 ) 
4 99 120 (1344 -1024 320 ) (1024 -1024 320 ) (1024 -1024 64 ) (1344 -1024 64 ) 
4 99 101 (1344 -1024 64 ) (1024 -1024 64 ) (1024 -512 64 ) (1344 -512 64 ) 
4 100 118 (2048 -1024 0 ) (2048 -1024 64 ) (1856 -1024 64 ) (1856 -1024 0 ) 
4 100 102 (1856 0 0 ) (2048 0 0 ) (2048 -1024 0 ) (1856 -1024 0 ) 
4 100 101 (1856 -512 0 ) (1856 -1024 0 ) (1856 -1024 64 ) (1856 -512 64 ) 
4 101 177 (1024 -576 64 ) (1024 -512 64 ) (1024 -512 0 ) (1024 -576 0 ) 
4 101 179 (1024 -1024 0 ) (1024 -1024 64 ) (1024 -576 64 ) (1024 -576 0 ) 
4 101 118 (1856 -1024 64 ) (1536 -1024 64 ) (1536 -1024 0 ) (1856 -1024 0 ) 
4 101 120 (1536 -1024 64 ) (1024 -1024 64 ) (1024 -1024 0 ) (1536 -1024 0 ) 
4 101 102 (1024 -1024 0 ) (1024 -512 0 ) (1856 -512 0 ) (1856 -1024 0 ) 
4 102 180 (1024 -1024 -144 ) (1024 -1024 0 ) (1024 0 0 ) (1024 0 -144 ) 
4 102 121 (2048 -1024 -144 ) (2048 -1024 0 ) (1024 -1024 0 ) (1024 -1024 -144 ) 
4 103 113 (3072 -1024 64 ) (3072 -1024 0 ) (3072 -1472 0 ) (3072 -1472 64 ) 
4 103 114 (3072 -1472 0 ) (3072 -2048 0 ) (3072 -2048 160 ) (3072 -1472 160 ) 
4 103 109 (3072 -1024 384 ) (3072 -1024 160 ) (3072 -1056 160 ) (3072 -1056 384 ) 
4 103 112 (3072 -1056 160 ) (3072 -2048 160 ) (3072 -2048 384 ) (3072 -1056 384 ) 
4 103 108 (3072 -1024 1424 ) (3072 -1024 384 ) (3072 -2048 384 ) (3072 -2048 1424 ) 
4 103 107 (3350.270264 -2048 1424 ) (3072 -2048 1424 ) (3072 -2048 0 ) (3350.270264 -2048 0 ) 
4 103 106 (3200 -2048 0 ) (3072 -2048 0 ) (3072 -1920 0 ) (3200 -1920 0 ) 
4 103 105 (3072 -1920 0 ) (3072 -1024 0 ) (3200 -1024 0 ) (3200 -1920 0 ) 
4 103 104 (3350.270264 -2048 0 ) (3200 -2048 0 ) (3200 -1024 0 ) (3350.270264 -1024 0 ) 
4 104 107 (3350.270264 -2048 0 ) (3200 -2048 0 ) (3200 -2048 -144 ) (3350.270264 -2048 -144 ) 
4 104 106 (3200 -1920 -144 ) (3200 -2048 -144 ) (3200 -2048 0 ) (3200 -1920 0 ) 
4 104 105 (3200 -1024 -144 ) (3200 -1920 -144 ) (3200 -1920 0 ) (3200 -1024 0 ) 
4 105 115 (3072 -1024 0 ) (3072 -1024 -144 ) (3072 -1920 -144 ) (3072 -1920 0 ) 
4 105 106 (3072 -1920 -144 ) (3200 -1920 -144 ) (3200 -1920 0 ) (3072 -1920 0 ) 
4 106 116 (3072 -1920 -144 ) (3072 -2048 -144 ) (3072 -2048 0 ) (3072 -1920 0 ) 
4 106 107 (3200 -2048 0 ) (3072 -2048 0 ) (3072 -2048 -144 ) (3200 -2048 -144 ) 
4 107 123 (3072 -2145.530029 1424 ) (3072 -2048 1424 ) (3072 -2048 -144 ) (3072 -2145.530029 -144 ) 
4 108 123 (3072 -2048 384 ) (3072 -2048 1424 ) (2048 -2048 1424 ) (2048 -2048 384 ) 
4 108 117 (2048 -1024 1424 ) (2048 -1024 384 ) (2048 -1472 384 ) (2048 -1472 1424 ) 
4 108 119 (2048 -1472 384 ) (2048 -2048 384 ) (2048 -2048 1424 ) (2048 -1472 1424 ) 
4 108 111 (2048 -1056 384 ) (2048 -1024 384 ) (2176 -1024 384 ) (2176 -1056 384 ) 
4 108 109 (2560 -1024 384 ) (3072 -1024 384 ) (3072 -1056 384 ) (2560 -1056 384 ) 
4 108 110 (2240 -1024 384 ) (2496 -1024 384 ) (2496 -1056 384 ) (2240 -1056 384 ) 
4 108 112 (3072 -2048 384 ) (2048 -2048 384 ) (2048 -1056 384 ) (3072 -1056 384 ) 
4 109 112 (2560 -1056 160 ) (3072 -1056 160 ) (3072 -1056 384 ) (2560 -1056 384 ) 
4 110 112 (2240 -1056 160 ) (2496 -1056 160 ) (2496 -1056 384 ) (2240 -1056 384 ) 
4 111 117 (2048 -1024 384 ) (2048 -1024 160 ) (2048 -1056 160 ) (2048 -1056 384 ) 
4 111 112 (2048 -1056 160 ) (2176 -1056 160 ) (2176 -1056 384 ) (2048 -1056 384 ) 
4 112 123 (3072 -2048 160 ) (3072 -2048 384 ) (2048 -2048 384 ) (2048 -2048 160 ) 
4 112 117 (2048 -1056 160 ) (2048 -1472 160 ) (2048 -1472 384 ) (2048 -1056 384 ) 
4 112 119 (2048 -1472 160 ) (2048 -2048 160 ) (2048 -2048 384 ) (2048 -1472 384 ) 
4 112 114 (2048 -2048 160 ) (2048 -1472 160 ) (3072 -1472 160 ) (3072 -2048 160 ) 
4 113 118 (2048 -1024 64 ) (2048 -1024 0 ) (2048 -1472 0 ) (2048 -1472 64 ) 
4 113 115 (2048 -1472 0 ) (2048 -1024 0 ) (3072 -1024 0 ) (3072 -1472 0 ) 
4 113 114 (2048 -1472 0 ) (3072 -1472 0 ) (3072 -1472 64 ) (2048 -1472 64 ) 
4 114 123 (3072 -2048 0 ) (3072 -2048 160 ) (2048 -2048 160 ) (2048 -2048 0 ) 
4 114 119 (2048 -1472 0 ) (2048 -2048 0 ) (2048 -2048 160 ) (2048 -1472 160 ) 
4 114 116 (3072 -2048 0 ) (2048 -2048 0 ) (2048 -1920 0 ) (3072 -1920 0 ) 
4 114 115 (2048 -1920 0 ) (2048 -1472 0 ) (3072 -1472 0 ) (3072 -1920 0 ) 
4 115 121 (2048 -1024 0 ) (2048 -1024 -144 ) (2048 -1920 -144 ) (2048 -1920 0 ) 
4 115 116 (2048 -1920 -144 ) (3072 -1920 -144 ) (3072 -1920 0 ) (2048 -1920 0 ) 
4 116 123 (3072 -2048 -144 ) (3072 -2048 0 ) (2048 -2048 0 ) (2048 -2048 -144 ) 
4 116 122 (2048 -1920 -144 ) (2048 -2048 -144 ) (2048 -2048 0 ) (2048 -1920 0 ) 
4 117 120 (1536 -1472 160 ) (1536 -1472 1424 ) (1536 -1024 1424 ) (1536 -1024 160 ) 
4 117 119 (1536 -1472 1424 ) (1536 -1472 160 ) (2048 -1472 160 ) (2048 -1472 1424 ) 
4 118 121 (2048 -1024 0 ) (2048 -1472 0 ) (1536 -1472 0 ) (1536 -1024 0 ) 
4 118 119 (1536 -1472 64 ) (1536 -1472 0 ) (2048 -1472 0 ) (2048 -1472 64 ) 
4 118 120 (1536 -1024 0 ) (1536 -1472 0 ) (1536 -1472 64 ) (1536 -1024 64 ) 
4 119 124 (2048 -2048 0 ) (2048 -2048 1424 ) (1536 -2048 1424 ) (1536 -2048 0 ) 
4 119 122 (2048 -1920 0 ) (2048 -2048 0 ) (1536 -2048 0 ) (1536 -1920 0 ) 
4 119 121 (2048 -1472 0 ) (2048 -1920 0 ) (1536 -1920 0 ) (1536 -1472 0 ) 
4 119 120 (1536 -1472 0 ) (1536 -2048 0 ) (1536 -2048 1424 ) (1536 -1472 1424 ) 
4 120 222 (1024 -2048 0 ) (1024 -2048 1424 ) (1024 -1024 1424 ) (1024 -1024 0 ) 
4 120 124 (1536 -2048 1424 ) (1024 -2048 1424 ) (1024 -2048 0 ) (1536 -2048 0 ) 
4 120 122 (1536 -2048 0 ) (1024 -2048 0 ) (1024 -1920 0 ) (1536 -1920 0 ) 
4 120 121 (1024 -1920 0 ) (1024 -1024 0 ) (1536 -1024 0 ) (1536 -1920 0 ) 
4 121 223 (1024 -1920 0 ) (1024 -1024 0 ) (1024 -1024 -144 ) (1024 -1920 -144 ) 
4 121 122 (1024 -1920 -144 ) (2048 -1920 -144 ) (2048 -1920 0 ) (1024 -1920 0 ) 
4 122 224 (1024 -2048 -144 ) (1024 -2048 0 ) (1024 -1920 0 ) (1024 -1920 -144 ) 
4 122 124 (2048 -2048 -144 ) (2048 -2048 0 ) (1024 -2048 0 ) (1024 -2048 -144 ) 
4 123 124 (2048 -2145.530029 1424 ) (2048 -2048 1424 ) (2048 -2048 -144 ) (2048 -2145.530029 -144 ) 
4 124 228 (1024 -2145.530029 1424 ) (1024 -2048 1424 ) (1024 -2048 -144 ) (1024 -2145.530029 -144 ) 
4 125 146 (1024 1024 0 ) (1024 1024 64 ) (0 1024 64 ) (0 1024 0 ) 
4 125 145 (448 1024 448 ) (0 1024 448 ) (0 1024 64 ) (448 1024 64 ) 
4 125 132 (1024 1024 64 ) (1024 1024 448 ) (448 1024 448 ) (448 1024 64 ) 
4 125 131 (1024 1024 448 ) (1024 1024 1424 ) (0 1024 1424 ) (0 1024 448 ) 
4 125 128 (0 1842.790039 0 ) (0 1024 0 ) (0 1024 1424 ) (0 1842.790039 1424 ) 
4 125 126 (0 1344 0 ) (0 1842.790039 0 ) (1024 1842.790039 0 ) (1024 1344 0 ) 
4 125 127 (1024 1024 0 ) (0 1024 0 ) (0 1344 0 ) (1024 1344 0 ) 
4 126 129 (0 1842.790039 -144 ) (0 1344 -144 ) (0 1344 0 ) (0 1842.790039 0 ) 
4 126 127 (0 1344 -144 ) (1024 1344 -144 ) (1024 1344 0 ) (0 1344 0 ) 
4 127 147 (1024 1024 -144 ) (1024 1024 0 ) (0 1024 0 ) (0 1024 -144 ) 
4 127 130 (0 1344 -144 ) (0 1024 -144 ) (0 1024 0 ) (0 1344 0 ) 
4 128 195 (-1024 1842.790039 0 ) (-1024 1024 0 ) (-1024 1024 1424 ) (-1024 1842.790039 1424 ) 
4 128 153 (-64 1024 64 ) (-1024 1024 64 ) (-1024 1024 0 ) (-64 1024 0 ) 
4 128 152 (0 1024 0 ) (0 1024 64 ) (-64 1024 64 ) (-64 1024 0 ) 
4 128 149 (0 1024 64 ) (0 1024 448 ) (-512 1024 448 ) (-512 1024 64 ) 
4 128 151 (-512 1024 448 ) (-1024 1024 448 ) (-1024 1024 64 ) (-512 1024 64 ) 
4 128 148 (0 1024 448 ) (0 1024 1424 ) (-1024 1024 1424 ) (-1024 1024 448 ) 
4 128 129 (0 1842.790039 0 ) (0 1344 0 ) (-1024 1344 0 ) (-1024 1842.790039 0 ) 
4 128 130 (0 1344 0 ) (0 1024 0 ) (-1024 1024 0 ) (-1024 1344 0 ) 
4 129 196 (-1024 1842.790039 -144 ) (-1024 1344 -144 ) (-1024 1344 0 ) (-1024 1842.790039 0 ) 
4 129 130 (-1024 1344 -144 ) (0 1344 -144 ) (0 1344 0 ) (-1024 1344 0 ) 
4 130 197 (-1024 1344 -144 ) (-1024 1024 -144 ) (-1024 1024 0 ) (-1024 1344 0 ) 
4 130 154 (0 1024 -144 ) (0 1024 0 ) (-1024 1024 0 ) (-1024 1024 -144 ) 
4 131 164 (832 0 1424 ) (0 0 1424 ) (0 0 448 ) (832 0 448 ) 
4 131 156 (838 0 1424 ) (836 0 1424 ) (836 0 448 ) (838 0 448 ) 
4 131 155 (1024 0 448 ) (1024 0 1424 ) (838 0 1424 ) (838 0 448 ) 
4 131 159 (836 0 1424 ) (832 0 1424 ) (832 0 448 ) (836 0 448 ) 
4 131 148 (0 0 448 ) (0 0 1424 ) (0 1024 1424 ) (0 1024 448 ) 
4 131 145 (0 368 448 ) (0 1024 448 ) (448 1024 448 ) (448 368 448 ) 
4 131 141 (838 0 448 ) (836 0 448 ) (836 96 448 ) (838 96 448 ) 
4 131 140 (1024 96 448 ) (1024 0 448 ) (838 0 448 ) (838 96 448 ) 
5 131 143 (836 0 448 ) (448 0 448 ) (448 64 448 ) (483.446136 96 448 ) (836 96 448 ) 
3 131 139 (736 96 448 ) (483.446136 96 448 ) (736 324 448 ) 
4 131 138 (1024 128 448 ) (1024 96 448 ) (736 96 448 ) (736 128 448 ) 
4 131 133 (1024 480 448 ) (1024 128 448 ) (736 128 448 ) (736 480 448 ) 
4 131 132 (448 1024 448 ) (1024 1024 448 ) (1024 544 448 ) (448 544 448 ) 
4 132 146 (448 640 64 ) (448 1024 64 ) (1024 1024 64 ) (1024 640 64 ) 
4 132 145 (448 1024 64 ) (448 544 64 ) (448 544 448 ) (448 1024 448 ) 
4 133 139 (736 324 224 ) (736 128 224 ) (736 128 448 ) (736 324 448 ) 
4 133 138 (736 128 448 ) (736 128 224 ) (1024 128 224 ) (1024 128 448 ) 
4 133 137 (977.838745 379.847321 224 ) (1024 403.877380 224 ) (1024 349.766418 224 ) (1000 337.272827 224 ) 
4 133 136 (736 199.843964 224 ) (736 253.953888 224 ) (821.721191 298.577576 224 ) (843.882996 256.003967 224 ) 
4 133 135 (736 253.953888 224 ) (736 480 224 ) (1024 480 224 ) (1024 403.877380 224 ) 
4 133 134 (1024 128 224 ) (736 128 224 ) (736 199.843964 224 ) (1024 349.766418 224 ) 
4 134 139 (736 199.844055 64 ) (736 128 64 ) (736 128 224 ) (736 199.843964 224 ) 
5 134 138 (736 128 224 ) (736 128 64 ) (856 128 64 ) (1024 128 104.319992 ) (1024 128 224 ) 
4 134 137 (1000 337.274445 224 ) (1024 349.768494 224 ) (1024 349.768555 64 ) (999.998718 337.274323 64 ) 
4 134 136 (736 199.846069 64 ) (736 199.845993 224 ) (843.882202 256.005585 224 ) (843.882080 256.005615 64 ) 
4 135 139 (736 324 64 ) (736 253.955475 64 ) (736 253.953888 224 ) (736 324 224 ) 
4 135 137 (1024 403.875610 224 ) (977.839478 379.846069 224 ) (977.838440 379.847137 64 ) (1024 403.877197 64 ) 
4 135 136 (821.721680 298.576752 224 ) (736 253.953125 224 ) (736 253.954712 64 ) (821.720947 298.577972 64 ) 
4 136 139 (736 253.955475 64 ) (736 199.844055 64 ) (736 199.843964 224 ) (736 253.953888 224 ) 
4 138 144 (736 96 64 ) (832 96 64 ) (832 96 160 ) (736 96 160 ) 
4 138 142 (836 96 218 ) (836 96 160 ) (838 96 160 ) (838 96 218 ) 
4 138 141 (838 96 448 ) (836 96 448 ) (836 96 218 ) (838 96 218 ) 
4 138 140 (1024 96 160 ) (1024 96 448 ) (838 96 448 ) (838 96 160 ) 
4 138 143 (836 96 448 ) (736 96 448 ) (736 96 160 ) (836 96 160 ) 
4 138 139 (736 128 64 ) (736 96 64 ) (736 96 448 ) (736 128 448 ) 
4 139 144 (483.446136 96 64 ) (736 96 64 ) (736 96 160 ) (483.446136 96 160 ) 
4 139 143 (736 96 160 ) (736 96 448 ) (483.446136 96 448 ) (483.446136 96 160 ) 
4 140 155 (1024 0 160 ) (1024 0 448 ) (838 0 448 ) (838 0 160 ) 
4 140 142 (838 96 218 ) (838 96 160 ) (838 0 160 ) (838 0 218 ) 
4 140 141 (838 96 448 ) (838 96 218 ) (838 0 218 ) (838 0 448 ) 
4 141 156 (838 0 448 ) (836 0 448 ) (836 0 218 ) (838 0 218 ) 
4 141 143 (836 96 448 ) (836 96 218 ) (836 0 218 ) (836 0 448 ) 
4 141 142 (836 0 218 ) (836 96 218 ) (838 96 218 ) (838 0 218 ) 
4 142 157 (836 0 218 ) (836 0 160 ) (838 0 160 ) (838 0 218 ) 
4 142 143 (836 96 218 ) (836 96 160 ) (836 0 160 ) (836 0 218 ) 
4 143 170 (512 0 448 ) (448 0 448 ) (448 0 160 ) (512 0 160 ) 
4 143 165 (832 0 448 ) (512 0 448 ) (512 0 160 ) (832 0 160 ) 
4 143 159 (836 0 448 ) (832 0 448 ) (832 0 160 ) (836 0 160 ) 
5 143 144 (832 0 160 ) (448 0 160 ) (448 64 160 ) (483.446136 96 160 ) (832 96 160 ) 
4 144 170 (512 0 160 ) (448 0 160 ) (448 0 64 ) (512 0 64 ) 
4 144 168 (512 0 120 ) (512 0 64 ) (664.588318 0 64 ) (664.588318 0 120 ) 
4 144 167 (664.588318 0 64 ) (832 0 64 ) (832 0 120 ) (664.588318 0 120 ) 
4 144 165 (832 0 160 ) (512 0 160 ) (512 0 120 ) (832 0 120 ) 
4 145 149 (0 368 448 ) (0 1024 448 ) (0 1024 64 ) (0 368 64 ) 
4 145 146 (0 640 64 ) (0 1024 64 ) (448 1024 64 ) (448 640 64 ) 
4 146 152 (0 640 64 ) (0 1024 64 ) (0 1024 0 ) (0 640 0 ) 
4 146 147 (0 640 0 ) (0 1024 0 ) (1024 1024 0 ) (1024 640 0 ) 
4 147 180 (1024 0 -144 ) (1024 0 0 ) (0 0 0 ) (0 0 -144 ) 
4 147 154 (0 0 -144 ) (0 0 0 ) (0 1024 0 ) (0 1024 -144 ) 
4 148 199 (-1024 0 448 ) (-1024 0 1424 ) (-1024 1024 1424 ) (-1024 1024 448 ) 
4 148 181 (-1024 0 1424 ) (-1024 0 448 ) (0 0 448 ) (0 0 1424 ) 
3 148 150 (-99.200424 0 448 ) (-512 0 448 ) (-512 196.570007 448 ) 
4 148 149 (-512 1024 448 ) (0 1024 448 ) (0 368 448 ) (-512 368 448 ) 
4 148 151 (-1024 1024 448 ) (-512 1024 448 ) (-512 0 448 ) (-1024 0 448 ) 
4 149 153 (-512 368 64 ) (-512 1024 64 ) (-64 1024 64 ) (-64 368 64 ) 
4 149 152 (-64 1024 64 ) (0 1024 64 ) (0 640 64 ) (-64 640 64 ) 
4 149 151 (-512 1024 64 ) (-512 368 64 ) (-512 368 448 ) (-512 1024 448 ) 
4 150 182 (-512 0 64 ) (-99.200439 0 64 ) (-99.200424 0 448 ) (-512 0 448 ) 
4 150 151 (-512 196.569992 64 ) (-512 0 64 ) (-512 0 448 ) (-512 196.570007 448 ) 
4 151 204 (-1024 0 64 ) (-1024 0 256 ) (-1024 256 256 ) (-1024 256 64 ) 
4 151 202 (-1024 256 256 ) (-1024 1024 256 ) (-1024 1024 64 ) (-1024 256 64 ) 
4 151 199 (-1024 0 256 ) (-1024 0 448 ) (-1024 1024 448 ) (-1024 1024 256 ) 
4 151 182 (-1024 0 448 ) (-1024 0 64 ) (-512 0 64 ) (-512 0 448 ) 
4 151 153 (-1024 256 64 ) (-1024 1024 64 ) (-512 1024 64 ) (-512 256 64 ) 
4 152 154 (-64 1024 0 ) (0 1024 0 ) (0 640 0 ) (-64 640 0 ) 
4 152 153 (-64 1024 0 ) (-64 640 0 ) (-64 640 64 ) (-64 1024 64 ) 
4 153 202 (-1024 256 64 ) (-1024 1024 64 ) (-1024 1024 0 ) (-1024 256 0 ) 
4 153 154 (-1024 1024 0 ) (-64 1024 0 ) (-64 256 0 ) (-1024 256 0 ) 
4 154 208 (-1024 0 -144 ) (-1024 0 0 ) (-1024 1024 0 ) (-1024 1024 -144 ) 
4 154 194 (-1024 0 0 ) (-1024 0 -144 ) (0 0 -144 ) (0 0 0 ) 
4 155 163 (896 -64 160 ) (1024 -64 160 ) (1024 -64 320 ) (896 -64 320 ) 
4 155 160 (1024 -64 512 ) (1024 -64 1424 ) (838 -64 1424 ) (838 -64 512 ) 
4 155 157 (838 0 160 ) (838 -16 160 ) (838 -16 218 ) (838 0 218 ) 
4 155 156 (838 -16 218 ) (838 -16 1424 ) (838 0 1424 ) (838 0 218 ) 
4 155 158 (838 -16 160 ) (838 -64 160 ) (838 -64 1424 ) (838 -16 1424 ) 
4 156 158 (836 -16 1424 ) (836 -16 218 ) (838 -16 218 ) (838 -16 1424 ) 
4 156 159 (836 -16 218 ) (836 -16 1424 ) (836 0 1424 ) (836 0 218 ) 
4 156 157 (838 -16 218 ) (836 -16 218 ) (836 0 218 ) (838 0 218 ) 
4 157 158 (836 -16 218 ) (836 -16 160 ) (838 -16 160 ) (838 -16 218 ) 
4 157 159 (836 0 160 ) (836 -16 160 ) (836 -16 218 ) (836 0 218 ) 
4 158 160 (838 -64 512 ) (838 -64 1424 ) (836 -64 1424 ) (836 -64 512 ) 
4 158 159 (836 -16 160 ) (836 -64 160 ) (836 -64 1424 ) (836 -16 1424 ) 
4 159 165 (832 0 448 ) (832 0 160 ) (832 -64 160 ) (832 -64 448 ) 
4 159 164 (832 0 1424 ) (832 0 448 ) (832 -64 448 ) (832 -64 1424 ) 
4 159 160 (832 -64 1424 ) (832 -64 512 ) (836 -64 512 ) (836 -64 1424 ) 
4 160 222 (1024 -1024 512 ) (1024 -1024 1424 ) (832 -1024 1424 ) (832 -1024 512 ) 
4 160 164 (832 -1024 512 ) (832 -1024 1424 ) (832 -64 1424 ) (832 -64 512 ) 
4 160 161 (832 -1024 512 ) (832 -320 512 ) (1024 -320 512 ) (1024 -1024 512 ) 
4 161 222 (1024 -1024 320 ) (1024 -1024 512 ) (832 -1024 512 ) (832 -1024 320 ) 
4 161 169 (832 -1024 320 ) (832 -1024 448 ) (832 -576 448 ) (832 -576 320 ) 
4 161 164 (832 -1024 448 ) (832 -1024 512 ) (832 -320 512 ) (832 -320 448 ) 
4 161 162 (1024 -1024 320 ) (832 -1024 320 ) (832 -320 320 ) (1024 -320 320 ) 
4 162 222 (1024 -1024 64 ) (1024 -1024 320 ) (832 -1024 320 ) (832 -1024 64 ) 
4 162 177 (1024 -512 64 ) (1024 -576 64 ) (832 -576 64 ) (832 -512 64 ) 
4 162 179 (1024 -576 64 ) (1024 -1024 64 ) (832 -1024 64 ) (832 -576 64 ) 
4 162 169 (832 -576 64 ) (832 -1024 64 ) (832 -1024 320 ) (832 -576 320 ) 
4 164 222 (0 -1024 1424 ) (0 -1024 448 ) (832 -1024 448 ) (832 -1024 1424 ) 
4 164 181 (0 0 1424 ) (0 0 448 ) (0 -1024 448 ) (0 -1024 1424 ) 
4 164 176 (512 -576 448 ) (512 -1024 448 ) (0 -1024 448 ) (0 -576 448 ) 
4 164 171 (512 -32 448 ) (512 -384 448 ) (0 -384 448 ) (0 -32 448 ) 
4 164 170 (448 0 448 ) (512 0 448 ) (512 -32 448 ) (448 -32 448 ) 
4 164 169 (832 -576 448 ) (832 -1024 448 ) (512 -1024 448 ) (512 -576 448 ) 
4 164 165 (512 0 448 ) (832 0 448 ) (832 -64 448 ) (512 -384 448 ) 
4 165 175 (512 -225.514038 400 ) (512 -145.912598 400 ) (512 -145.912903 120 ) (512 -225.514023 120 ) 
4 165 173 (512 -145.912598 400 ) (512 -32 400 ) (512 -32 120 ) (512 -145.912903 120 ) 
4 165 172 (512 -384 120 ) (512 -384 400 ) (512 -225.514038 400 ) (512 -225.514023 120 ) 
4 165 171 (512 -384 400 ) (512 -384 448 ) (512 -32 448 ) (512 -32 400 ) 
4 165 170 (512 -32 448 ) (512 0 448 ) (512 0 120 ) (512 -32 120 ) 
5 165 168 (656 -217.686066 120 ) (512 -73.686432 120 ) (512 0 120 ) (664.588318 0 120 ) (769.137085 -104.549026 120 ) 
4 165 167 (832 -64 120 ) (780.294006 -115.705994 120 ) (664.588318 0 120 ) (832 0 120 ) 
3 165 166 (667.156982 -228.843002 120 ) (512 -384 120 ) (512 -73.686432 120 ) 
4 166 175 (512 -145.912964 64 ) (512 -225.514038 64 ) (512 -225.514038 120 ) (512 -145.912888 120 ) 
4 166 173 (512 -73.686432 64 ) (512 -145.912964 64 ) (512 -145.912888 120 ) (512 -73.686432 120 ) 
4 166 172 (512 -225.514038 64 ) (512 -384 64 ) (512 -384 120 ) (512 -225.514038 120 ) 
4 166 168 (512 -73.683594 64 ) (512 -73.683594 120 ) (656.001221 -217.684814 120 ) (656.001221 -217.684814 64 ) 
4 167 168 (769.137939 -104.548080 120 ) (664.590149 0 120 ) (664.590149 0 64 ) (769.137939 -104.548080 64 ) 
4 168 173 (512 -32 64 ) (512 -73.686432 64 ) (512 -73.686432 120 ) (512 -32 120 ) 
4 168 170 (512 0 64 ) (512 -32 64 ) (512 -32 120 ) (512 0 120 ) 
4 169 222 (512 -1024 64 ) (832 -1024 64 ) (832 -1024 448 ) (512 -1024 448 ) 
4 169 179 (832 -576 64 ) (832 -1024 64 ) (512 -1024 64 ) (512 -576 64 ) 
4 169 176 (512 -576 64 ) (512 -1024 64 ) (512 -1024 448 ) (512 -576 448 ) 
4 170 173 (448 -32 64 ) (512 -32 64 ) (512 -32 400 ) (448 -32 400 ) 
4 170 171 (512 -32 400 ) (512 -32 448 ) (448 -32 448 ) (448 -32 400 ) 
4 171 185 (0 -384 400 ) (0 -384 448 ) (0 -96 448 ) (0 -96 400 ) 
4 171 183 (0 -96 448 ) (0 -32 448 ) (0 -32 400 ) (0 -96 400 ) 
4 171 175 (435.065735 -88.981491 400 ) (512 -145.912598 400 ) (512 -225.514023 400 ) (397 -140.419769 400 ) 
4 171 174 (250.478485 -32 400 ) (358.063385 -32 400 ) (358.066345 -32.002197 400 ) (320.002014 -83.444244 400 ) 
3 171 173 (358.063385 -32 400 ) (512 -32 400 ) (512 -145.912598 400 ) 
5 171 172 (512 -384 400 ) (0 -384 400 ) (0 -32 400 ) (250.478485 -32 400 ) (512 -225.514023 400 ) 
4 172 185 (0 -384 320 ) (0 -384 400 ) (0 -96 400 ) (0 -96 320 ) 
4 172 186 (0 -96 64 ) (0 -384 64 ) (0 -384 288 ) (0 -96 288 ) 
4 172 183 (0 -96 320 ) (0 -96 400 ) (0 -32 400 ) (0 -32 320 ) 
4 172 175 (397.002563 -140.417206 400 ) (512 -225.510391 400 ) (512 -225.510391 64 ) (397.002411 -140.417084 64 ) 
4 172 174 (250.484360 -32 64 ) (250.484375 -32 400 ) (320.004028 -83.441566 400 ) (320.004028 -83.441574 64 ) 
4 173 175 (512 -145.912170 64 ) (512 -145.911835 400 ) (435.066101 -88.981003 400 ) (435.065765 -88.981094 64 ) 
4 176 222 (0 -1024 448 ) (0 -1024 64 ) (512 -1024 64 ) (512 -1024 448 ) 
4 176 188 (0 -576 64 ) (0 -1024 64 ) (0 -1024 448 ) (0 -576 448 ) 
4 176 179 (512 -576 64 ) (512 -1024 64 ) (0 -1024 64 ) (0 -576 64 ) 
4 177 180 (1024 -512 0 ) (1024 -576 0 ) (512 -576 0 ) (512 -512 0 ) 
4 177 178 (512 -512 0 ) (512 -576 0 ) (512 -576 63 ) (512 -512 63 ) 
4 177 179 (512 -576 0 ) (1024 -576 0 ) (1024 -576 64 ) (512 -576 64 ) 
4 178 190 (0 -512 0 ) (0 -576 0 ) (0 -576 63 ) (0 -512 63 ) 
4 178 180 (0 -576 0 ) (0 -512 0 ) (512 -512 0 ) (512 -576 0 ) 
4 178 179 (0 -576 0 ) (512 -576 0 ) (512 -576 63 ) (0 -576 63 ) 
4 179 222 (1024 -1024 0 ) (1024 -1024 64 ) (0 -1024 64 ) (0 -1024 0 ) 
4 179 193 (0 -576 0 ) (0 -1024 0 ) (0 -1024 64 ) (0 -576 64 ) 
4 179 180 (1024 -1024 0 ) (0 -1024 0 ) (0 -576 0 ) (1024 -576 0 ) 
4 180 223 (1024 -1024 -144 ) (1024 -1024 0 ) (0 -1024 0 ) (0 -1024 -144 ) 
4 180 194 (0 0 0 ) (0 0 -144 ) (0 -1024 -144 ) (0 -1024 0 ) 
4 181 225 (0 -1024 448 ) (0 -1024 1424 ) (-1024 -1024 1424 ) (-1024 -1024 448 ) 
4 181 210 (-1024 -1024 448 ) (-1024 -1024 1424 ) (-1024 0 1424 ) (-1024 0 448 ) 
4 181 188 (0 -1024 448 ) (-368 -1024 448 ) (-368 -576 448 ) (0 -576 448 ) 
4 181 189 (-368 -1024 448 ) (-1024 -1024 448 ) (-1024 -384 448 ) (-368 -384 448 ) 
4 181 185 (-32 -96 448 ) (0 -96 448 ) (0 -384 448 ) (-32 -384 448 ) 
4 181 187 (-1024 -384 448 ) (-1024 -96 448 ) (-32 -96 448 ) (-32 -384 448 ) 
4 181 183 (-32 -32 448 ) (0 -32 448 ) (0 -96 448 ) (-32 -96 448 ) 
4 181 184 (-1024 -96 448 ) (-1024 -32 448 ) (-32 -32 448 ) (-32 -96 448 ) 
4 181 182 (-1024 -32 448 ) (-1024 0 448 ) (-99.200439 0 448 ) (-32 -32 448 ) 
4 182 213 (-1024 0 256 ) (-1024 0 64 ) (-1024 -32 64 ) (-1024 -32 256 ) 
4 182 211 (-1024 0 320 ) (-1024 0 256 ) (-1024 -32 256 ) (-1024 -32 320 ) 
4 182 210 (-1024 -32 448 ) (-1024 0 448 ) (-1024 0 320 ) (-1024 -32 320 ) 
4 182 184 (-1024 -32 64 ) (-32 -32 64 ) (-32 -32 448 ) (-1024 -32 448 ) 
4 183 185 (0 -96 320 ) (0 -96 448 ) (-32 -96 448 ) (-32 -96 320 ) 
4 183 184 (-32 -32 448 ) (-32 -32 320 ) (-32 -96 320 ) (-32 -96 448 ) 
4 184 213 (-1024 -32 256 ) (-1024 -32 64 ) (-1024 -96 64 ) (-1024 -96 256 ) 
4 184 211 (-1024 -32 320 ) (-1024 -32 256 ) (-1024 -96 256 ) (-1024 -96 320 ) 
4 184 210 (-1024 -96 448 ) (-1024 -32 448 ) (-1024 -32 320 ) (-1024 -96 320 ) 
4 184 187 (-1024 -96 64 ) (-32 -96 64 ) (-32 -96 448 ) (-1024 -96 448 ) 
4 185 187 (-32 -96 448 ) (-32 -96 320 ) (-32 -384 320 ) (-32 -384 448 ) 
4 186 187 (-32 -96 288 ) (-32 -96 64 ) (-32 -384 64 ) (-32 -384 288 ) 
4 187 213 (-1024 -96 256 ) (-1024 -96 64 ) (-1024 -384 64 ) (-1024 -384 256 ) 
4 187 211 (-1024 -96 320 ) (-1024 -96 256 ) (-1024 -384 256 ) (-1024 -384 320 ) 
4 187 210 (-1024 -384 448 ) (-1024 -96 448 ) (-1024 -96 320 ) (-1024 -384 320 ) 
4 187 189 (-1024 -384 64 ) (-368 -384 64 ) (-368 -384 448 ) (-1024 -384 448 ) 
4 188 225 (0 -1024 64 ) (0 -1024 448 ) (-368 -1024 448 ) (-368 -1024 64 ) 
4 188 193 (0 -576 64 ) (0 -1024 64 ) (-368 -1024 64 ) (-368 -576 64 ) 
4 188 189 (-368 -576 64 ) (-368 -1024 64 ) (-368 -1024 448 ) (-368 -576 448 ) 
4 189 225 (-368 -1024 448 ) (-1024 -1024 448 ) (-1024 -1024 64 ) (-368 -1024 64 ) 
4 189 213 (-1024 -1024 64 ) (-1024 -1024 256 ) (-1024 -384 256 ) (-1024 -384 64 ) 
4 189 211 (-1024 -1024 256 ) (-1024 -1024 320 ) (-1024 -384 320 ) (-1024 -384 256 ) 
4 189 210 (-1024 -1024 320 ) (-1024 -1024 448 ) (-1024 -384 448 ) (-1024 -384 320 ) 
4 189 192 (-1024 -576 64 ) (-1024 -512 64 ) (-368 -512 64 ) (-368 -576 64 ) 
4 189 193 (-1024 -1024 64 ) (-1024 -576 64 ) (-368 -576 64 ) (-368 -1024 64 ) 
4 190 194 (0 -512 0 ) (0 -576 0 ) (-64 -576 0 ) (-64 -512 0 ) 
4 190 191 (-64 -512 0 ) (-64 -576 0 ) (-64 -576 63 ) (-64 -512 63 ) 
4 190 193 (-64 -576 0 ) (0 -576 0 ) (0 -576 63 ) (-64 -576 63 ) 
4 191 194 (-64 -512 0 ) (-64 -576 0 ) (-368 -576 0 ) (-368 -512 0 ) 
4 191 192 (-368 -512 0 ) (-368 -576 0 ) (-368 -576 63 ) (-368 -512 63 ) 
4 191 193 (-368 -576 0 ) (-64 -576 0 ) (-64 -576 63 ) (-368 -576 63 ) 
4 192 216 (-1024 -576 64 ) (-1024 -512 64 ) (-1024 -512 0 ) (-1024 -576 0 ) 
4 192 194 (-1024 -576 0 ) (-1024 -512 0 ) (-368 -512 0 ) (-368 -576 0 ) 
4 192 193 (-1024 -576 0 ) (-368 -576 0 ) (-368 -576 64 ) (-1024 -576 64 ) 
4 193 225 (0 -1024 0 ) (0 -1024 64 ) (-1024 -1024 64 ) (-1024 -1024 0 ) 
4 193 216 (-1024 -1024 0 ) (-1024 -1024 64 ) (-1024 -576 64 ) (-1024 -576 0 ) 
4 193 194 (-1024 -1024 0 ) (-1024 -576 0 ) (0 -576 0 ) (0 -1024 0 ) 
4 194 226 (0 -1024 -144 ) (0 -1024 0 ) (-1024 -1024 0 ) (-1024 -1024 -144 ) 
4 194 220 (-1024 -1024 -144 ) (-1024 -1024 0 ) (-1024 0 0 ) (-1024 0 -144 ) 
4 195 205 (-1778.979980 1024 1424 ) (-1856 1024 1424 ) (-1856 1024 0 ) (-1778.979980 1024 0 ) 
4 195 207 (-1856 1024 1424 ) (-1931.699951 1024 1424 ) (-1931.699951 1024 0 ) (-1856 1024 0 ) 
4 195 203 (-1470.910034 1024 256 ) (-1778.979980 1024 256 ) (-1778.979980 1024 0 ) (-1470.910034 1024 0 ) 
4 195 202 (-1024 1024 0 ) (-1024 1024 256 ) (-1470.910034 1024 256 ) (-1470.910034 1024 0 ) 
4 195 200 (-1470.910034 1024 1424 ) (-1778.979980 1024 1424 ) (-1778.979980 1024 256 ) (-1470.910034 1024 256 ) 
4 195 199 (-1024 1024 256 ) (-1024 1024 1424 ) (-1470.910034 1024 1424 ) (-1470.910034 1024 256 ) 
4 195 197 (-1024 1024 0 ) (-1920 1024 0 ) (-1920 1344 0 ) (-1024 1344 0 ) 
4 195 196 (-1920 1344 0 ) (-1920 1842.790039 0 ) (-1024 1842.790039 0 ) (-1024 1344 0 ) 
4 195 198 (-1920 1024 0 ) (-1931.699951 1024 0 ) (-1931.699951 1842.790039 0 ) (-1920 1842.790039 0 ) 
4 196 198 (-1920 1842.790039 0 ) (-1920 1842.790039 -144 ) (-1920 1344 -144 ) (-1920 1344 0 ) 
4 196 197 (-1920 1344 0 ) (-1920 1344 -144 ) (-1024 1344 -144 ) (-1024 1344 0 ) 
4 197 208 (-1024 1024 -144 ) (-1024 1024 0 ) (-1920 1024 0 ) (-1920 1024 -144 ) 
4 197 198 (-1920 1344 -144 ) (-1920 1024 -144 ) (-1920 1024 0 ) (-1920 1344 0 ) 
4 198 209 (-1920 1024 0 ) (-1931.699951 1024 0 ) (-1931.699951 1024 -144 ) (-1920 1024 -144 ) 
4 199 211 (-1024 0 256 ) (-1024 0 320 ) (-1470.910034 0 320 ) (-1470.910034 0 256 ) 
4 199 210 (-1024 0 320 ) (-1024 0 1424 ) (-1470.910034 0 1424 ) (-1470.910034 0 320 ) 
4 199 204 (-1024 0 256 ) (-1470.910034 0 256 ) (-1470.910034 256 256 ) (-1024 256 256 ) 
4 199 202 (-1470.910034 256 256 ) (-1470.910034 1024 256 ) (-1024 1024 256 ) (-1024 256 256 ) 
4 199 201 (-1470.910034 0 320 ) (-1470.910034 0 1424 ) (-1470.910034 256 1424 ) (-1470.910034 256 320 ) 
4 199 200 (-1470.910034 1024 256 ) (-1470.910034 256 256 ) (-1470.910034 256 1424 ) (-1470.910034 1024 1424 ) 
4 200 206 (-1778.979980 256 1424 ) (-1778.979980 320 1424 ) (-1778.979980 320 256 ) (-1778.979980 256 256 ) 
4 200 205 (-1778.979980 320 1424 ) (-1778.979980 1024 1424 ) (-1778.979980 1024 256 ) (-1778.979980 320 256 ) 
4 200 203 (-1778.979980 320 256 ) (-1778.979980 1024 256 ) (-1470.910034 1024 256 ) (-1470.910034 320 256 ) 
4 200 201 (-1470.910034 256 320 ) (-1470.910034 256 1424 ) (-1778.979980 256 1424 ) (-1778.979980 256 320 ) 
4 201 210 (-1470.910034 0 1424 ) (-1778.979980 0 1424 ) (-1778.979980 0 320 ) (-1470.910034 0 320 ) 
4 201 206 (-1778.979980 0 320 ) (-1778.979980 0 1424 ) (-1778.979980 256 1424 ) (-1778.979980 256 320 ) 
4 202 208 (-1470.910034 1024 0 ) (-1024 1024 0 ) (-1024 256 0 ) (-1470.910034 256 0 ) 
4 202 204 (-1024 256 256 ) (-1470.910034 256 256 ) (-1470.910034 256 64 ) (-1024 256 64 ) 
4 202 203 (-1470.910034 1024 0 ) (-1470.910034 320 0 ) (-1470.910034 320 256 ) (-1470.910034 1024 256 ) 
4 203 208 (-1778.979980 320 0 ) (-1778.979980 1024 0 ) (-1470.910034 1024 0 ) (-1470.910034 320 0 ) 
4 203 205 (-1778.979980 1024 0 ) (-1778.979980 320 0 ) (-1778.979980 320 256 ) (-1778.979980 1024 256 ) 
4 204 214 (-1470.910034 0 256 ) (-1778.979980 0 256 ) (-1778.979980 0 64 ) (-1470.910034 0 64 ) 
4 204 213 (-1024 0 64 ) (-1024 0 256 ) (-1470.910034 0 256 ) (-1470.910034 0 64 ) 
4 205 208 (-1856 320 0 ) (-1856 1024 0 ) (-1778.979980 1024 0 ) (-1778.979980 320 0 ) 
4 205 206 (-1856 320 1424 ) (-1856 320 256 ) (-1778.979980 320 256 ) (-1778.979980 320 1424 ) 
4 205 207 (-1856 1024 0 ) (-1856 320 0 ) (-1856 320 1424 ) (-1856 1024 1424 ) 
4 206 217 (-1778.979980 0 256 ) (-1778.979980 0 1424 ) (-1856 0 1424 ) (-1856 0 256 ) 
4 206 207 (-1856 0 256 ) (-1856 0 1424 ) (-1856 320 1424 ) (-1856 320 256 ) 
4 207 219 (-1931.699951 0 0 ) (-1856 0 0 ) (-1856 0 1424 ) (-1931.699951 0 1424 ) 
4 207 209 (-1920 0 0 ) (-1931.699951 0 0 ) (-1931.699951 1024 0 ) (-1920 1024 0 ) 
4 207 208 (-1856 0 0 ) (-1920 0 0 ) (-1920 1024 0 ) (-1856 1024 0 ) 
4 208 220 (-1024 0 -144 ) (-1024 0 0 ) (-1920 0 0 ) (-1920 0 -144 ) 
4 208 209 (-1920 1024 -144 ) (-1920 0 -144 ) (-1920 0 0 ) (-1920 1024 0 ) 
4 209 221 (-1920 0 0 ) (-1931.699951 0 0 ) (-1931.699951 0 -144 ) (-1920 0 -144 ) 
4 210 230 (-1024 -1024 320 ) (-1024 -1024 1424 ) (-1778.979980 -1024 1424 ) (-1778.979980 -1024 320 ) 
4 210 217 (-1778.979980 -320 1424 ) (-1778.979980 0 1424 ) (-1778.979980 0 320 ) (-1778.979980 -320 320 ) 
4 210 218 (-1778.979980 -1024 320 ) (-1778.979980 -1024 1424 ) (-1778.979980 -320 1424 ) (-1778.979980 -320 320 ) 
4 210 212 (-1470.910034 -1024 320 ) (-1778.979980 -1024 320 ) (-1778.979980 -256 320 ) (-1470.910034 -256 320 ) 
4 210 211 (-1024 -1024 320 ) (-1470.910034 -1024 320 ) (-1470.910034 0 320 ) (-1024 0 320 ) 
4 211 230 (-1024 -1024 256 ) (-1024 -1024 320 ) (-1470.910034 -1024 320 ) (-1470.910034 -1024 256 ) 
4 211 213 (-1470.910034 0 256 ) (-1024 0 256 ) (-1024 -1024 256 ) (-1470.910034 -1024 256 ) 
4 211 212 (-1470.910034 -256 256 ) (-1470.910034 -1024 256 ) (-1470.910034 -1024 320 ) (-1470.910034 -256 320 ) 
4 212 230 (-1470.910034 -1024 320 ) (-1778.979980 -1024 320 ) (-1778.979980 -1024 256 ) (-1470.910034 -1024 256 ) 
4 212 217 (-1778.979980 -320 320 ) (-1778.979980 -256 320 ) (-1778.979980 -256 256 ) (-1778.979980 -320 256 ) 
4 212 218 (-1778.979980 -1024 256 ) (-1778.979980 -1024 320 ) (-1778.979980 -320 320 ) (-1778.979980 -320 256 ) 
4 212 215 (-1778.979980 -1024 256 ) (-1778.979980 -320 256 ) (-1470.910034 -320 256 ) (-1470.910034 -1024 256 ) 
4 213 230 (-1024 -1024 64 ) (-1024 -1024 256 ) (-1470.910034 -1024 256 ) (-1470.910034 -1024 64 ) 
4 213 216 (-1024 -1024 64 ) (-1470.910034 -1024 64 ) (-1470.910034 -512 64 ) (-1024 -512 64 ) 
4 213 214 (-1470.910034 0 64 ) (-1470.910034 -256 64 ) (-1470.910034 -256 256 ) (-1470.910034 0 256 ) 
4 213 215 (-1470.910034 -320 64 ) (-1470.910034 -1024 64 ) (-1470.910034 -1024 256 ) (-1470.910034 -320 256 ) 
4 215 230 (-1470.910034 -1024 256 ) (-1778.979980 -1024 256 ) (-1778.979980 -1024 64 ) (-1470.910034 -1024 64 ) 
4 215 218 (-1778.979980 -1024 64 ) (-1778.979980 -1024 256 ) (-1778.979980 -320 256 ) (-1778.979980 -320 64 ) 
4 215 216 (-1470.910034 -1024 64 ) (-1778.979980 -1024 64 ) (-1778.979980 -512 64 ) (-1470.910034 -512 64 ) 
4 216 230 (-1024 -1024 0 ) (-1024 -1024 64 ) (-1778.979980 -1024 64 ) (-1778.979980 -1024 0 ) 
4 216 220 (-1024 -512 0 ) (-1024 -1024 0 ) (-1778.979980 -1024 0 ) (-1778.979980 -512 0 ) 
4 216 218 (-1778.979980 -512 0 ) (-1778.979980 -1024 0 ) (-1778.979980 -1024 64 ) (-1778.979980 -512 64 ) 
4 217 219 (-1856 -320 256 ) (-1856 -320 1424 ) (-1856 0 1424 ) (-1856 0 256 ) 
4 217 218 (-1856 -320 1424 ) (-1856 -320 256 ) (-1778.979980 -320 256 ) (-1778.979980 -320 1424 ) 
4 218 230 (-1856 -1024 0 ) (-1778.979980 -1024 0 ) (-1778.979980 -1024 1424 ) (-1856 -1024 1424 ) 
4 218 220 (-1778.979980 -320 0 ) (-1778.979980 -1024 0 ) (-1856 -1024 0 ) (-1856 -320 0 ) 
4 218 219 (-1856 -320 0 ) (-1856 -1024 0 ) (-1856 -1024 1424 ) (-1856 -320 1424 ) 
4 219 230 (-1931.699951 -1024 0 ) (-1856 -1024 0 ) (-1856 -1024 1424 ) (-1931.699951 -1024 1424 ) 
4 219 221 (-1931.699951 0 0 ) (-1920 0 0 ) (-1920 -1024 0 ) (-1931.699951 -1024 0 ) 
4 219 220 (-1920 0 0 ) (-1856 0 0 ) (-1856 -1024 0 ) (-1920 -1024 0 ) 
4 220 231 (-1024 -1024 -144 ) (-1024 -1024 0 ) (-1920 -1024 0 ) (-1920 -1024 -144 ) 
4 220 221 (-1920 0 -144 ) (-1920 -1024 -144 ) (-1920 -1024 0 ) (-1920 0 0 ) 
4 221 233 (-1920 -1024 0 ) (-1931.699951 -1024 0 ) (-1931.699951 -1024 -144 ) (-1920 -1024 -144 ) 
4 222 228 (1024 -2048 0 ) (1024 -2048 1424 ) (0 -2048 1424 ) (0 -2048 0 ) 
4 222 225 (0 -1024 1424 ) (0 -1024 0 ) (0 -2048 0 ) (0 -2048 1424 ) 
4 222 224 (1024 -2048 0 ) (0 -2048 0 ) (0 -1920 0 ) (1024 -1920 0 ) 
4 222 223 (0 -1920 0 ) (0 -1024 0 ) (1024 -1024 0 ) (1024 -1920 0 ) 
4 223 226 (0 -1024 0 ) (0 -1024 -144 ) (0 -1920 -144 ) (0 -1920 0 ) 
4 223 224 (0 -1920 -144 ) (1024 -1920 -144 ) (1024 -1920 0 ) (0 -1920 0 ) 
4 224 228 (1024 -2048 -144 ) (1024 -2048 0 ) (0 -2048 0 ) (0 -2048 -144 ) 
4 224 227 (0 -1920 -144 ) (0 -2048 -144 ) (0 -2048 0 ) (0 -1920 0 ) 
4 225 230 (-1024 -1024 1424 ) (-1024 -1024 0 ) (-1024 -2048 0 ) (-1024 -2048 1424 ) 
4 225 229 (0 -2048 0 ) (0 -2048 1424 ) (-1024 -2048 1424 ) (-1024 -2048 0 ) 
4 225 227 (0 -1920 0 ) (0 -2048 0 ) (-1024 -2048 0 ) (-1024 -1920 0 ) 
4 225 226 (-1024 -1024 0 ) (0 -1024 0 ) (0 -1920 0 ) (-1024 -1920 0 ) 
4 226 231 (-1024 -1024 0 ) (-1024 -1024 -144 ) (-1024 -1920 -144 ) (-1024 -1920 0 ) 
4 226 227 (-1024 -1920 -144 ) (0 -1920 -144 ) (0 -1920 0 ) (-1024 -1920 0 ) 
4 227 232 (-1024 -1920 -144 ) (-1024 -2048 -144 ) (-1024 -2048 0 ) (-1024 -1920 0 ) 
4 227 229 (0 -2048 -144 ) (0 -2048 0 ) (-1024 -2048 0 ) (-1024 -2048 -144 ) 
4 228 229 (0 -2145.530029 1424 ) (0 -2048 1424 ) (0 -2048 -144 ) (0 -2145.530029 -144 ) 
4 229 234 (-1024 -2145.530029 1424 ) (-1024 -2048 1424 ) (-1024 -2048 -144 ) (-1024 -2145.530029 -144 ) 
4 230 234 (-1024 -2048 0 ) (-1024 -2048 1424 ) (-1931.699951 -2048 1424 ) (-1931.699951 -2048 0 ) 
4 230 233 (-1920 -2048 0 ) (-1931.699951 -2048 0 ) (-1931.699951 -1024 0 ) (-1920 -1024 0 ) 
4 230 232 (-1024 -2048 0 ) (-1920 -2048 0 ) (-1920 -1920 0 ) (-1024 -1920 0 ) 
4 230 231 (-1920 -1920 0 ) (-1920 -1024 0 ) (-1024 -1024 0 ) (-1024 -1920 0 ) 
4 231 233 (-1920 -1024 -144 ) (-1920 -1920 -144 ) (-1920 -1920 0 ) (-1920 -1024 0 ) 
4 231 232 (-1920 -1920 0 ) (-1920 -1920 -144 ) (-1024 -1920 -144 ) (-1024 -1920 0 ) 
4 232 234 (-1024 -2048 -144 ) (-1024 -2048 0 ) (-1920 -2048 0 ) (-1920 -2048 -144 ) 
4 232 233 (-1920 -1920 -144 ) (-1920 -2048 -144 ) (-1920 -2048 0 ) (-1920 -1920 0 ) 
4 233 234 (-1920 -2048 0 ) (-1931.699951 -2048 0 ) (-1931.699951 -2048 -144 ) (-1920 -2048 -144 ) 
